SMM: enter
EAX=00000000 EBX=00000000 ECX=02000000 EDX=02000628
ESI=0000000b EDI=02000000 EBP=00014e40 ESP=00006c5c
EIP=000ea63d EFL=00000046 [---Z-P-] CPL=0 II=0 A20=1 SMM=0 HLT=0
ES =0010 00000000 ffffffff 00cf9300 DPL=0 DS   [-WA]
CS =0008 00000000 ffffffff 00cf9b00 DPL=0 CS32 [-RA]
SS =0010 00000000 ffffffff 00cf9300 DPL=0 DS   [-WA]
DS =0010 00000000 ffffffff 00cf9300 DPL=0 DS   [-WA]
FS =0010 00000000 ffffffff 00cf9300 DPL=0 DS   [-WA]
GS =0010 00000000 ffffffff 00cf9300 DPL=0 DS   [-WA]
LDT=0000 00000000 0000ffff 00008200 DPL=0 LDT
TR =0000 00000000 0000ffff 00008b00 DPL=0 TSS32-busy
GDT=     000f61e0 00000037
IDT=     000f621e 00000000
CR0=00000011 CR2=00000000 CR3=00000000 CR4=00000000
DR0=00000000 DR1=00000000 DR2=00000000 DR3=00000000 
DR6=ffff0ff0 DR7=00000400
CCS=00000044 CCD=ffffffff CCO=EFLAGS
EFER=0000000000000000
SMM: after RSM
EAX=00000000 EBX=00000000 ECX=02000000 EDX=02000628
ESI=0000000b EDI=02000000 EBP=00014e40 ESP=00006c5c
EIP=000ea63d EFL=00000046 [---Z-P-] CPL=0 II=0 A20=1 SMM=0 HLT=0
ES =0010 00000000 ffffffff 00c09300 DPL=0 DS   [-WA]
CS =0008 00000000 ffffffff 00c09b00 DPL=0 CS32 [-RA]
SS =0010 00000000 ffffffff 00c09300 DPL=0 DS   [-WA]
DS =0010 00000000 ffffffff 00c09300 DPL=0 DS   [-WA]
FS =0010 00000000 ffffffff 00c09300 DPL=0 DS   [-WA]
GS =0010 00000000 ffffffff 00c09300 DPL=0 DS   [-WA]
LDT=0000 00000000 0000ffff 00008200 DPL=0 LDT
TR =0000 00000000 0000ffff 00008b00 DPL=0 TSS32-busy
GDT=     000f61e0 00000037
IDT=     000f621e 00000000
CR0=00000011 CR2=00000000 CR3=00000000 CR4=00000000
DR0=00000000 DR1=00000000 DR2=00000000 DR3=00000000 
DR6=ffff0ff0 DR7=00000400
CCS=00000044 CCD=00000000 CCO=EFLAGS
EFER=0000000000000000
Servicing hardware INT=0x08
SMM: enter
EAX=000000b5 EBX=000f7e0e ECX=00001234 EDX=00006cff
ESI=00006cb4 EDI=06ffec55 EBP=00006c74 ESP=00006c74
EIP=00007e0b EFL=00000006 [-----P-] CPL=0 II=0 A20=1 SMM=0 HLT=0
ES =d900 000d9000 ffffffff 008f9300
CS =f000 000f0000 ffffffff 008f9b00
SS =0000 00000000 ffffffff 008f9300
DS =0000 00000000 ffffffff 008f9300
FS =0000 00000000 ffffffff 008f9300
GS =0000 00000000 ffffffff 008f9300
LDT=0000 00000000 0000ffff 00008200
TR =0000 00000000 0000ffff 00008b00
GDT=     00000000 00000000
IDT=     00000000 000003ff
CR0=00000010 CR2=00000000 CR3=00000000 CR4=00000000
DR0=00000000 DR1=00000000 DR2=00000000 DR3=00000000 
DR6=ffff0ff0 DR7=00000400
CCS=00000000 CCD=00006c74 CCO=ADDL
EFER=0000000000000000
SMM: after RSM
EAX=000000b5 EBX=000f7e0e ECX=00001234 EDX=00006cff
ESI=00006cb4 EDI=06ffec55 EBP=00006c74 ESP=00006c74
EIP=000f7e0e EFL=00000046 [---Z-P-] CPL=0 II=0 A20=1 SMM=0 HLT=0
ES =0010 00000000 ffffffff 00c09300 DPL=0 DS   [-WA]
CS =0008 00000000 ffffffff 00c09b00 DPL=0 CS32 [-RA]
SS =0010 00000000 ffffffff 00c09300 DPL=0 DS   [-WA]
DS =0010 00000000 ffffffff 00c09300 DPL=0 DS   [-WA]
FS =0010 00000000 ffffffff 00c09300 DPL=0 DS   [-WA]
GS =0010 00000000 ffffffff 00c09300 DPL=0 DS   [-WA]
LDT=0000 00000000 0000ffff 00008200 DPL=0 LDT
TR =0000 00000000 0000ffff 00008b00 DPL=0 TSS32-busy
GDT=     000f61e0 00000037
IDT=     000f621e 00000000
CR0=00000011 CR2=00000000 CR3=00000000 CR4=00000000
DR0=00000000 DR1=00000000 DR2=00000000 DR3=00000000 
DR6=ffff0ff0 DR7=00000400
CCS=00000044 CCD=00000000 CCO=EFLAGS
EFER=0000000000000000
SMM: enter
EAX=000000b5 EBX=00007e28 ECX=00005678 EDX=06fe8bc0
ESI=000e83a0 EDI=06ffec55 EBP=00006c74 ESP=00006c74
EIP=000f7e25 EFL=00000016 [----AP-] CPL=0 II=0 A20=1 SMM=0 HLT=0
ES =0010 00000000 ffffffff 00c09300 DPL=0 DS   [-WA]
CS =0008 00000000 ffffffff 00c09b00 DPL=0 CS32 [-RA]
SS =0010 00000000 ffffffff 00c09300 DPL=0 DS   [-WA]
DS =0010 00000000 ffffffff 00c09300 DPL=0 DS   [-WA]
FS =0010 00000000 ffffffff 00c09300 DPL=0 DS   [-WA]
GS =0010 00000000 ffffffff 00c09300 DPL=0 DS   [-WA]
LDT=0000 00000000 0000ffff 00008200 DPL=0 LDT
TR =0000 00000000 0000ffff 00008b00 DPL=0 TSS32-busy
GDT=     000f61e0 00000037
IDT=     000f621e 00000000
CR0=00000011 CR2=00000000 CR3=00000000 CR4=00000000
DR0=00000000 DR1=00000000 DR2=00000000 DR3=00000000 
DR6=ffff0ff0 DR7=00000400
CCS=00000008 CCD=00006c60 CCO=ADDL
EFER=0000000000000000
SMM: after RSM
EAX=000000b5 EBX=00007e28 ECX=00005678 EDX=06fe8bc0
ESI=000e83a0 EDI=06ffec55 EBP=00006c74 ESP=00006c74
EIP=00007e28 EFL=00000006 [-----P-] CPL=0 II=0 A20=1 SMM=0 HLT=0
ES =d900 000d9000 ffffffff 00809300
CS =f000 000f0000 ffffffff 00809b00
SS =0000 00000000 ffffffff 00809300
DS =0000 00000000 ffffffff 00809300
FS =0000 00000000 ffffffff 00809300
GS =0000 00000000 ffffffff 00809300
LDT=0000 00000000 0000ffff 00008200
TR =0000 00000000 0000ffff 00008b00
GDT=     00000000 00000000
IDT=     00000000 000003ff
CR0=00000010 CR2=00000000 CR3=00000000 CR4=00000000
DR0=00000000 DR1=00000000 DR2=00000000 DR3=00000000 
DR6=ffff0ff0 DR7=00000400
CCS=00000004 CCD=00000001 CCO=EFLAGS
EFER=0000000000000000
Servicing hardware INT=0x08
SMM: enter
EAX=000000b5 EBX=000f7e0e ECX=00001234 EDX=000069ff
ESI=00006996 EDI=06ffec55 EBP=00006956 ESP=00006956
EIP=00007e0b EFL=00000006 [-----P-] CPL=0 II=0 A20=1 SMM=0 HLT=0
ES =d900 000d9000 ffffffff 008f9300
CS =f000 000f0000 ffffffff 008f9b00
SS =0000 00000000 ffffffff 008f9300
DS =0000 00000000 ffffffff 008f9300
FS =0000 00000000 ffffffff 008f9300
GS =ca00 000ca000 ffffffff 008f9300
LDT=0000 00000000 0000ffff 00008200
TR =0000 00000000 0000ffff 00008b00
GDT=     00000000 00000000
IDT=     00000000 000003ff
CR0=00000010 CR2=00000000 CR3=00000000 CR4=00000000
DR0=00000000 DR1=00000000 DR2=00000000 DR3=00000000 
DR6=ffff0ff0 DR7=00000400
CCS=00000000 CCD=00006956 CCO=ADDL
EFER=0000000000000000
SMM: after RSM
EAX=000000b5 EBX=000f7e0e ECX=00001234 EDX=000069ff
ESI=00006996 EDI=06ffec55 EBP=00006956 ESP=00006956
EIP=000f7e0e EFL=00000046 [---Z-P-] CPL=0 II=0 A20=1 SMM=0 HLT=0
ES =0010 00000000 ffffffff 00c09300 DPL=0 DS   [-WA]
CS =0008 00000000 ffffffff 00c09b00 DPL=0 CS32 [-RA]
SS =0010 00000000 ffffffff 00c09300 DPL=0 DS   [-WA]
DS =0010 00000000 ffffffff 00c09300 DPL=0 DS   [-WA]
FS =0010 00000000 ffffffff 00c09300 DPL=0 DS   [-WA]
GS =0010 00000000 ffffffff 00c09300 DPL=0 DS   [-WA]
LDT=0000 00000000 0000ffff 00008200 DPL=0 LDT
TR =0000 00000000 0000ffff 00008b00 DPL=0 TSS32-busy
GDT=     000f61e0 00000037
IDT=     000f621e 00000000
CR0=00000011 CR2=00000000 CR3=00000000 CR4=00000000
DR0=00000000 DR1=00000000 DR2=00000000 DR3=00000000 
DR6=ffff0ff0 DR7=00000400
CCS=00000044 CCD=00000000 CCO=EFLAGS
EFER=0000000000000000
SMM: enter
EAX=000000b5 EBX=00007e28 ECX=00005678 EDX=00000005
ESI=00000000 EDI=06ffec55 EBP=00006956 ESP=00006956
EIP=000f7e25 EFL=00000016 [----AP-] CPL=0 II=0 A20=1 SMM=0 HLT=0
ES =0010 00000000 ffffffff 00c09300 DPL=0 DS   [-WA]
CS =0008 00000000 ffffffff 00c09b00 DPL=0 CS32 [-RA]
SS =0010 00000000 ffffffff 00c09300 DPL=0 DS   [-WA]
DS =0010 00000000 ffffffff 00c09300 DPL=0 DS   [-WA]
FS =0010 00000000 ffffffff 00c09300 DPL=0 DS   [-WA]
GS =0010 00000000 ffffffff 00c09300 DPL=0 DS   [-WA]
LDT=0000 00000000 0000ffff 00008200 DPL=0 LDT
TR =0000 00000000 0000ffff 00008b00 DPL=0 TSS32-busy
GDT=     000f61e0 00000037
IDT=     000f621e 00000000
CR0=00000011 CR2=00000000 CR3=00000000 CR4=00000000
DR0=00000000 DR1=00000000 DR2=00000000 DR3=00000000 
DR6=ffff0ff0 DR7=00000400
CCS=00000008 CCD=00006942 CCO=ADDL
EFER=0000000000000000
SMM: after RSM
EAX=000000b5 EBX=00007e28 ECX=00005678 EDX=00000005
ESI=00000000 EDI=06ffec55 EBP=00006956 ESP=00006956
EIP=00007e28 EFL=00000006 [-----P-] CPL=0 II=0 A20=1 SMM=0 HLT=0
ES =d900 000d9000 ffffffff 00809300
CS =f000 000f0000 ffffffff 00809b00
SS =0000 00000000 ffffffff 00809300
DS =0000 00000000 ffffffff 00809300
FS =0000 00000000 ffffffff 00809300
GS =ca00 000ca000 ffffffff 00809300
LDT=0000 00000000 0000ffff 00008200
TR =0000 00000000 0000ffff 00008b00
GDT=     00000000 00000000
IDT=     00000000 000003ff
CR0=00000010 CR2=00000000 CR3=00000000 CR4=00000000
DR0=00000000 DR1=00000000 DR2=00000000 DR3=00000000 
DR6=ffff0ff0 DR7=00000400
CCS=00000004 CCD=00000001 CCO=EFLAGS
EFER=0000000000000000
SMM: enter
EAX=000000b5 EBX=000f7e0e ECX=00001234 EDX=000069ff
ESI=00006990 EDI=06ffec55 EBP=00006950 ESP=00006950
EIP=00007e0b EFL=00000006 [-----P-] CPL=0 II=0 A20=1 SMM=0 HLT=0
ES =d900 000d9000 ffffffff 00809300
CS =f000 000f0000 ffffffff 00809b00
SS =0000 00000000 ffffffff 00809300
DS =0000 00000000 ffffffff 00809300
FS =0000 00000000 ffffffff 00809300
GS =ca00 000ca000 ffffffff 00809300
LDT=0000 00000000 0000ffff 00008200
TR =0000 00000000 0000ffff 00008b00
GDT=     00000000 00000000
IDT=     00000000 000003ff
CR0=00000010 CR2=00000000 CR3=00000000 CR4=00000000
DR0=00000000 DR1=00000000 DR2=00000000 DR3=00000000 
DR6=ffff0ff0 DR7=00000400
CCS=00000000 CCD=00006950 CCO=ADDL
EFER=0000000000000000
SMM: after RSM
EAX=000000b5 EBX=000f7e0e ECX=00001234 EDX=000069ff
ESI=00006990 EDI=06ffec55 EBP=00006950 ESP=00006950
EIP=000f7e0e EFL=00000046 [---Z-P-] CPL=0 II=0 A20=1 SMM=0 HLT=0
ES =0010 00000000 ffffffff 00c09300 DPL=0 DS   [-WA]
CS =0008 00000000 ffffffff 00c09b00 DPL=0 CS32 [-RA]
SS =0010 00000000 ffffffff 00c09300 DPL=0 DS   [-WA]
DS =0010 00000000 ffffffff 00c09300 DPL=0 DS   [-WA]
FS =0010 00000000 ffffffff 00c09300 DPL=0 DS   [-WA]
GS =0010 00000000 ffffffff 00c09300 DPL=0 DS   [-WA]
LDT=0000 00000000 0000ffff 00008200 DPL=0 LDT
TR =0000 00000000 0000ffff 00008b00 DPL=0 TSS32-busy
GDT=     000f61e0 00000037
IDT=     000f621e 00000000
CR0=00000011 CR2=00000000 CR3=00000000 CR4=00000000
DR0=00000000 DR1=00000000 DR2=00000000 DR3=00000000 
DR6=ffff0ff0 DR7=00000400
CCS=00000044 CCD=00000000 CCO=EFLAGS
EFER=0000000000000000
SMM: enter
EAX=000000b5 EBX=00007e28 ECX=00005678 EDX=00000003
ESI=06fc9050 EDI=06ffec55 EBP=00006950 ESP=00006950
EIP=000f7e25 EFL=00000006 [-----P-] CPL=0 II=0 A20=1 SMM=0 HLT=0
ES =0010 00000000 ffffffff 00c09300 DPL=0 DS   [-WA]
CS =0008 00000000 ffffffff 00c09b00 DPL=0 CS32 [-RA]
SS =0010 00000000 ffffffff 00c09300 DPL=0 DS   [-WA]
DS =0010 00000000 ffffffff 00c09300 DPL=0 DS   [-WA]
FS =0010 00000000 ffffffff 00c09300 DPL=0 DS   [-WA]
GS =0010 00000000 ffffffff 00c09300 DPL=0 DS   [-WA]
LDT=0000 00000000 0000ffff 00008200 DPL=0 LDT
TR =0000 00000000 0000ffff 00008b00 DPL=0 TSS32-busy
GDT=     000f61e0 00000037
IDT=     000f621e 00000000
CR0=00000011 CR2=00000000 CR3=00000000 CR4=00000000
DR0=00000000 DR1=00000000 DR2=00000000 DR3=00000000 
DR6=ffff0ff0 DR7=00000400
CCS=00000008 CCD=0000693c CCO=ADDL
EFER=0000000000000000
SMM: after RSM
EAX=000000b5 EBX=00007e28 ECX=00005678 EDX=00000003
ESI=06fc9050 EDI=06ffec55 EBP=00006950 ESP=00006950
EIP=00007e28 EFL=00000006 [-----P-] CPL=0 II=0 A20=1 SMM=0 HLT=0
ES =d900 000d9000 ffffffff 00809300
CS =f000 000f0000 ffffffff 00809b00
SS =0000 00000000 ffffffff 00809300
DS =0000 00000000 ffffffff 00809300
FS =0000 00000000 ffffffff 00809300
GS =ca00 000ca000 ffffffff 00809300
LDT=0000 00000000 0000ffff 00008200
TR =0000 00000000 0000ffff 00008b00
GDT=     00000000 00000000
IDT=     00000000 000003ff
CR0=00000010 CR2=00000000 CR3=00000000 CR4=00000000
DR0=00000000 DR1=00000000 DR2=00000000 DR3=00000000 
DR6=ffff0ff0 DR7=00000400
CCS=00000004 CCD=00000001 CCO=EFLAGS
EFER=0000000000000000
SMM: enter
EAX=000000b5 EBX=000f7e0e ECX=00001234 EDX=000069ff
ESI=00006996 EDI=06ffec55 EBP=00006956 ESP=00006956
EIP=00007e0b EFL=00000006 [-----P-] CPL=0 II=0 A20=1 SMM=0 HLT=0
ES =d900 000d9000 ffffffff 00809300
CS =f000 000f0000 ffffffff 00809b00
SS =0000 00000000 ffffffff 00809300
DS =0000 00000000 ffffffff 00809300
FS =0000 00000000 ffffffff 00809300
GS =ca00 000ca000 ffffffff 00809300
LDT=0000 00000000 0000ffff 00008200
TR =0000 00000000 0000ffff 00008b00
GDT=     00000000 00000000
IDT=     00000000 000003ff
CR0=00000010 CR2=00000000 CR3=00000000 CR4=00000000
DR0=00000000 DR1=00000000 DR2=00000000 DR3=00000000 
DR6=ffff0ff0 DR7=00000400
CCS=00000000 CCD=00006956 CCO=ADDL
EFER=0000000000000000
SMM: after RSM
EAX=000000b5 EBX=000f7e0e ECX=00001234 EDX=000069ff
ESI=00006996 EDI=06ffec55 EBP=00006956 ESP=00006956
EIP=000f7e0e EFL=00000046 [---Z-P-] CPL=0 II=0 A20=1 SMM=0 HLT=0
ES =0010 00000000 ffffffff 00c09300 DPL=0 DS   [-WA]
CS =0008 00000000 ffffffff 00c09b00 DPL=0 CS32 [-RA]
SS =0010 00000000 ffffffff 00c09300 DPL=0 DS   [-WA]
DS =0010 00000000 ffffffff 00c09300 DPL=0 DS   [-WA]
FS =0010 00000000 ffffffff 00c09300 DPL=0 DS   [-WA]
GS =0010 00000000 ffffffff 00c09300 DPL=0 DS   [-WA]
LDT=0000 00000000 0000ffff 00008200 DPL=0 LDT
TR =0000 00000000 0000ffff 00008b00 DPL=0 TSS32-busy
GDT=     000f61e0 00000037
IDT=     000f621e 00000000
CR0=00000011 CR2=00000000 CR3=00000000 CR4=00000000
DR0=00000000 DR1=00000000 DR2=00000000 DR3=00000000 
DR6=ffff0ff0 DR7=00000400
CCS=00000044 CCD=00000000 CCO=EFLAGS
EFER=0000000000000000
SMM: enter
EAX=000000b5 EBX=00007e28 ECX=00005678 EDX=00000005
ESI=00000000 EDI=06ffec55 EBP=00006956 ESP=00006956
EIP=000f7e25 EFL=00000016 [----AP-] CPL=0 II=0 A20=1 SMM=0 HLT=0
ES =0010 00000000 ffffffff 00c09300 DPL=0 DS   [-WA]
CS =0008 00000000 ffffffff 00c09b00 DPL=0 CS32 [-RA]
SS =0010 00000000 ffffffff 00c09300 DPL=0 DS   [-WA]
DS =0010 00000000 ffffffff 00c09300 DPL=0 DS   [-WA]
FS =0010 00000000 ffffffff 00c09300 DPL=0 DS   [-WA]
GS =0010 00000000 ffffffff 00c09300 DPL=0 DS   [-WA]
LDT=0000 00000000 0000ffff 00008200 DPL=0 LDT
TR =0000 00000000 0000ffff 00008b00 DPL=0 TSS32-busy
GDT=     000f61e0 00000037
IDT=     000f621e 00000000
CR0=00000011 CR2=00000000 CR3=00000000 CR4=00000000
DR0=00000000 DR1=00000000 DR2=00000000 DR3=00000000 
DR6=ffff0ff0 DR7=00000400
CCS=00000008 CCD=00006942 CCO=ADDL
EFER=0000000000000000
SMM: after RSM
EAX=000000b5 EBX=00007e28 ECX=00005678 EDX=00000005
ESI=00000000 EDI=06ffec55 EBP=00006956 ESP=00006956
EIP=00007e28 EFL=00000006 [-----P-] CPL=0 II=0 A20=1 SMM=0 HLT=0
ES =d900 000d9000 ffffffff 00809300
CS =f000 000f0000 ffffffff 00809b00
SS =0000 00000000 ffffffff 00809300
DS =0000 00000000 ffffffff 00809300
FS =0000 00000000 ffffffff 00809300
GS =ca00 000ca000 ffffffff 00809300
LDT=0000 00000000 0000ffff 00008200
TR =0000 00000000 0000ffff 00008b00
GDT=     00000000 00000000
IDT=     00000000 000003ff
CR0=00000010 CR2=00000000 CR3=00000000 CR4=00000000
DR0=00000000 DR1=00000000 DR2=00000000 DR3=00000000 
DR6=ffff0ff0 DR7=00000400
CCS=00000004 CCD=00000001 CCO=EFLAGS
EFER=0000000000000000
SMM: enter
EAX=000000b5 EBX=000f7e0e ECX=00001234 EDX=000069ff
ESI=00006990 EDI=06ffec55 EBP=00006950 ESP=00006950
EIP=00007e0b EFL=00000006 [-----P-] CPL=0 II=0 A20=1 SMM=0 HLT=0
ES =d900 000d9000 ffffffff 00809300
CS =f000 000f0000 ffffffff 00809b00
SS =0000 00000000 ffffffff 00809300
DS =0000 00000000 ffffffff 00809300
FS =0000 00000000 ffffffff 00809300
GS =ca00 000ca000 ffffffff 00809300
LDT=0000 00000000 0000ffff 00008200
TR =0000 00000000 0000ffff 00008b00
GDT=     00000000 00000000
IDT=     00000000 000003ff
CR0=00000010 CR2=00000000 CR3=00000000 CR4=00000000
DR0=00000000 DR1=00000000 DR2=00000000 DR3=00000000 
DR6=ffff0ff0 DR7=00000400
CCS=00000000 CCD=00006950 CCO=ADDL
EFER=0000000000000000
SMM: after RSM
EAX=000000b5 EBX=000f7e0e ECX=00001234 EDX=000069ff
ESI=00006990 EDI=06ffec55 EBP=00006950 ESP=00006950
EIP=000f7e0e EFL=00000046 [---Z-P-] CPL=0 II=0 A20=1 SMM=0 HLT=0
ES =0010 00000000 ffffffff 00c09300 DPL=0 DS   [-WA]
CS =0008 00000000 ffffffff 00c09b00 DPL=0 CS32 [-RA]
SS =0010 00000000 ffffffff 00c09300 DPL=0 DS   [-WA]
DS =0010 00000000 ffffffff 00c09300 DPL=0 DS   [-WA]
FS =0010 00000000 ffffffff 00c09300 DPL=0 DS   [-WA]
GS =0010 00000000 ffffffff 00c09300 DPL=0 DS   [-WA]
LDT=0000 00000000 0000ffff 00008200 DPL=0 LDT
TR =0000 00000000 0000ffff 00008b00 DPL=0 TSS32-busy
GDT=     000f61e0 00000037
IDT=     000f621e 00000000
CR0=00000011 CR2=00000000 CR3=00000000 CR4=00000000
DR0=00000000 DR1=00000000 DR2=00000000 DR3=00000000 
DR6=ffff0ff0 DR7=00000400
CCS=00000044 CCD=00000000 CCO=EFLAGS
EFER=0000000000000000
SMM: enter
EAX=000000b5 EBX=00007e28 ECX=00005678 EDX=00000003
ESI=06f09050 EDI=06ffec55 EBP=00006950 ESP=00006950
EIP=000f7e25 EFL=00000006 [-----P-] CPL=0 II=0 A20=1 SMM=0 HLT=0
ES =0010 00000000 ffffffff 00c09300 DPL=0 DS   [-WA]
CS =0008 00000000 ffffffff 00c09b00 DPL=0 CS32 [-RA]
SS =0010 00000000 ffffffff 00c09300 DPL=0 DS   [-WA]
DS =0010 00000000 ffffffff 00c09300 DPL=0 DS   [-WA]
FS =0010 00000000 ffffffff 00c09300 DPL=0 DS   [-WA]
GS =0010 00000000 ffffffff 00c09300 DPL=0 DS   [-WA]
LDT=0000 00000000 0000ffff 00008200 DPL=0 LDT
TR =0000 00000000 0000ffff 00008b00 DPL=0 TSS32-busy
GDT=     000f61e0 00000037
IDT=     000f621e 00000000
CR0=00000011 CR2=00000000 CR3=00000000 CR4=00000000
DR0=00000000 DR1=00000000 DR2=00000000 DR3=00000000 
DR6=ffff0ff0 DR7=00000400
CCS=00000008 CCD=0000693c CCO=ADDL
EFER=0000000000000000
SMM: after RSM
EAX=000000b5 EBX=00007e28 ECX=00005678 EDX=00000003
ESI=06f09050 EDI=06ffec55 EBP=00006950 ESP=00006950
EIP=00007e28 EFL=00000006 [-----P-] CPL=0 II=0 A20=1 SMM=0 HLT=0
ES =d900 000d9000 ffffffff 00809300
CS =f000 000f0000 ffffffff 00809b00
SS =0000 00000000 ffffffff 00809300
DS =0000 00000000 ffffffff 00809300
FS =0000 00000000 ffffffff 00809300
GS =ca00 000ca000 ffffffff 00809300
LDT=0000 00000000 0000ffff 00008200
TR =0000 00000000 0000ffff 00008b00
GDT=     00000000 00000000
IDT=     00000000 000003ff
CR0=00000010 CR2=00000000 CR3=00000000 CR4=00000000
DR0=00000000 DR1=00000000 DR2=00000000 DR3=00000000 
DR6=ffff0ff0 DR7=00000400
CCS=00000004 CCD=00000001 CCO=EFLAGS
EFER=0000000000000000
Servicing hardware INT=0x08
Servicing hardware INT=0x08
Servicing hardware INT=0x0e
Servicing hardware INT=0x0e
Servicing hardware INT=0x0e
Servicing hardware INT=0x0e
Servicing hardware INT=0x08
Servicing hardware INT=0x0e
Servicing hardware INT=0x0e
Servicing hardware INT=0x08
Servicing hardware INT=0x08
     0: v=08 e=0000 i=0 cpl=0 IP=0008:00024d35 pc=07f53d35 SP=0010:000b079c env->regs[R_EAX]=0002d0a0
EAX=0002d0a0 EBX=0002e454 ECX=00000003 EDX=00000000
ESI=0002e470 EDI=56341200 EBP=0002e494 ESP=000b079c
EIP=00024d35 EFL=00000206 [-----P-] CPL=0 II=0 A20=1 SMM=0 HLT=0
ES =0010 07f2f000 ffffffff 00cf9300 DPL=0 DS   [-WA]
CS =0008 07f2f000 ffffffff 00cf9f00 DPL=0 CS32 [CRA]
SS =0010 07f2f000 ffffffff 00cf9300 DPL=0 DS   [-WA]
DS =0010 07f2f000 ffffffff 00cf9300 DPL=0 DS   [-WA]
FS =0010 07f2f000 ffffffff 00cf9300 DPL=0 DS   [-WA]
GS =0010 07f2f000 ffffffff 00cf9300 DPL=0 DS   [-WA]
LDT=0000 00000000 0000ffff 00008200 DPL=0 LDT
TR =0000 00000000 0000ffff 00008b00 DPL=0 TSS32-busy
GDT=     0009cc30 00000047
IDT=     07f5c390 000007ff
CR0=00000011 CR2=00000000 CR3=00000000 CR4=00000000
DR0=00000000 DR1=00000000 DR2=00000000 DR3=00000000 
DR6=ffff0ff0 DR7=00000400
CCS=00000000 CCD=0002d0a0 CCO=LOGICL
EFER=0000000000000000
Servicing hardware INT=0x70
     1: v=70 e=0000 i=0 cpl=0 IP=0008:0002307c pc=07f5207c SP=0010:000b06e4 env->regs[R_EAX]=00000021
EAX=00000021 EBX=00000063 ECX=000f4240 EDX=000004a9
ESI=f816d340 EDI=00000010 EBP=000b0758 ESP=000b06e4
EIP=0002307c EFL=00000206 [-----P-] CPL=0 II=0 A20=1 SMM=0 HLT=0
ES =0010 07f2f000 ffffffff 00cf9300 DPL=0 DS   [-WA]
CS =0008 07f2f000 ffffffff 00cf9f00 DPL=0 CS32 [CRA]
SS =0010 07f2f000 ffffffff 00cf9300 DPL=0 DS   [-WA]
DS =0010 07f2f000 ffffffff 00cf9300 DPL=0 DS   [-WA]
FS =0010 07f2f000 ffffffff 00cf9300 DPL=0 DS   [-WA]
GS =0010 07f2f000 ffffffff 00cf9300 DPL=0 DS   [-WA]
LDT=0000 00000000 0000ffff 00008200 DPL=0 LDT
TR =0000 00000000 0000ffff 00008b00 DPL=0 TSS32-busy
GDT=     0009cc30 00000047
IDT=     07f5c390 000007ff
CR0=00000011 CR2=00000000 CR3=00000000 CR4=00000000
DR0=00000000 DR1=00000000 DR2=00000000 DR3=00000000 
DR6=ffff0ff0 DR7=00000400
CCS=00000000 CCD=00000063 CCO=DECL
EFER=0000000000000000
Servicing hardware INT=0x70
Servicing hardware INT=0x70
Servicing hardware INT=0x70
Servicing hardware INT=0x70
Servicing hardware INT=0x70
Servicing hardware INT=0x70
Servicing hardware INT=0x70
Servicing hardware INT=0x70
Servicing hardware INT=0x70
Servicing hardware INT=0x70
Servicing hardware INT=0x70
Servicing hardware INT=0x70
Servicing hardware INT=0x70
Servicing hardware INT=0x70
Servicing hardware INT=0x70
Servicing hardware INT=0x70
Servicing hardware INT=0x70
Servicing hardware INT=0x70
Servicing hardware INT=0x70
Servicing hardware INT=0x70
Servicing hardware INT=0x70
Servicing hardware INT=0x70
Servicing hardware INT=0x08
Servicing hardware INT=0x70
Servicing hardware INT=0x70
Servicing hardware INT=0x70
Servicing hardware INT=0x70
Servicing hardware INT=0x70
Servicing hardware INT=0x70
Servicing hardware INT=0x70
Servicing hardware INT=0x70
Servicing hardware INT=0x70
Servicing hardware INT=0x70
Servicing hardware INT=0x70
Servicing hardware INT=0x70
Servicing hardware INT=0x70
Servicing hardware INT=0x70
Servicing hardware INT=0x70
Servicing hardware INT=0x70
Servicing hardware INT=0x70
Servicing hardware INT=0x70
Servicing hardware INT=0x70
Servicing hardware INT=0x70
Servicing hardware INT=0x70
Servicing hardware INT=0x70
Servicing hardware INT=0x70
Servicing hardware INT=0x70
Servicing hardware INT=0x70
Servicing hardware INT=0x70
Servicing hardware INT=0x70
Servicing hardware INT=0x70
Servicing hardware INT=0x70
Servicing hardware INT=0x70
Servicing hardware INT=0x70
Servicing hardware INT=0x70
Servicing hardware INT=0x70
Servicing hardware INT=0x70
Servicing hardware INT=0x70
Servicing hardware INT=0x70
Servicing hardware INT=0x70
Servicing hardware INT=0x70
Servicing hardware INT=0x70
Servicing hardware INT=0x70
Servicing hardware INT=0x70
Servicing hardware INT=0x70
Servicing hardware INT=0x70
Servicing hardware INT=0x70
Servicing hardware INT=0x70
Servicing hardware INT=0x70
Servicing hardware INT=0x70
Servicing hardware INT=0x70
Servicing hardware INT=0x70
Servicing hardware INT=0x70
Servicing hardware INT=0x70
Servicing hardware INT=0x70
Servicing hardware INT=0x70
Servicing hardware INT=0x70
Servicing hardware INT=0x70
Servicing hardware INT=0x70
Servicing hardware INT=0x08
Servicing hardware INT=0x70
Servicing hardware INT=0x70
Servicing hardware INT=0x70
Servicing hardware INT=0x70
Servicing hardware INT=0x70
Servicing hardware INT=0x70
Servicing hardware INT=0x70
Servicing hardware INT=0x70
Servicing hardware INT=0x70
Servicing hardware INT=0x70
Servicing hardware INT=0x70
Servicing hardware INT=0x70
Servicing hardware INT=0x70
Servicing hardware INT=0x70
Servicing hardware INT=0x70
Servicing hardware INT=0x70
Servicing hardware INT=0x70
Servicing hardware INT=0x70
Servicing hardware INT=0x70
Servicing hardware INT=0x70
Servicing hardware INT=0x70
Servicing hardware INT=0x70
Servicing hardware INT=0x70
Servicing hardware INT=0x70
Servicing hardware INT=0x70
Servicing hardware INT=0x70
Servicing hardware INT=0x70
Servicing hardware INT=0x70
Servicing hardware INT=0x70
Servicing hardware INT=0x70
Servicing hardware INT=0x70
Servicing hardware INT=0x70
Servicing hardware INT=0x70
Servicing hardware INT=0x70
Servicing hardware INT=0x70
Servicing hardware INT=0x70
Servicing hardware INT=0x70
Servicing hardware INT=0x70
Servicing hardware INT=0x70
Servicing hardware INT=0x70
Servicing hardware INT=0x70
Servicing hardware INT=0x70
Servicing hardware INT=0x70
Servicing hardware INT=0x70
Servicing hardware INT=0x70
Servicing hardware INT=0x70
Servicing hardware INT=0x70
Servicing hardware INT=0x70
Servicing hardware INT=0x70
Servicing hardware INT=0x70
Servicing hardware INT=0x08
Servicing hardware INT=0x70
Servicing hardware INT=0x70
Servicing hardware INT=0x70
Servicing hardware INT=0x70
Servicing hardware INT=0x70
Servicing hardware INT=0x70
Servicing hardware INT=0x70
Servicing hardware INT=0x70
Servicing hardware INT=0x70
Servicing hardware INT=0x70
Servicing hardware INT=0x70
Servicing hardware INT=0x70
Servicing hardware INT=0x70
Servicing hardware INT=0x70
Servicing hardware INT=0x70
Servicing hardware INT=0x70
Servicing hardware INT=0x70
Servicing hardware INT=0x70
Servicing hardware INT=0x70
Servicing hardware INT=0x70
Servicing hardware INT=0x70
Servicing hardware INT=0x70
Servicing hardware INT=0x70
Servicing hardware INT=0x70
Servicing hardware INT=0x70
Servicing hardware INT=0x70
Servicing hardware INT=0x70
Servicing hardware INT=0x70
Servicing hardware INT=0x70
Servicing hardware INT=0x70
Servicing hardware INT=0x08
Servicing hardware INT=0x70
Servicing hardware INT=0x70
Servicing hardware INT=0x70
Servicing hardware INT=0x70
Servicing hardware INT=0x70
Servicing hardware INT=0x70
Servicing hardware INT=0x70
Servicing hardware INT=0x70
Servicing hardware INT=0x70
Servicing hardware INT=0x70
Servicing hardware INT=0x70
Servicing hardware INT=0x70
Servicing hardware INT=0x70
Servicing hardware INT=0x70
Servicing hardware INT=0x70
Servicing hardware INT=0x70
Servicing hardware INT=0x70
Servicing hardware INT=0x70
Servicing hardware INT=0x70
Servicing hardware INT=0x70
Servicing hardware INT=0x70
Servicing hardware INT=0x70
Servicing hardware INT=0x70
Servicing hardware INT=0x70
Servicing hardware INT=0x70
Servicing hardware INT=0x70
Servicing hardware INT=0x70
Servicing hardware INT=0x70
Servicing hardware INT=0x70
Servicing hardware INT=0x70
Servicing hardware INT=0x70
Servicing hardware INT=0x70
Servicing hardware INT=0x70
Servicing hardware INT=0x70
Servicing hardware INT=0x70
Servicing hardware INT=0x70
Servicing hardware INT=0x08
Servicing hardware INT=0x70
Servicing hardware INT=0x70
Servicing hardware INT=0x70
Servicing hardware INT=0x70
Servicing hardware INT=0x70
Servicing hardware INT=0x70
Servicing hardware INT=0x70
Servicing hardware INT=0x70
Servicing hardware INT=0x70
Servicing hardware INT=0x70
Servicing hardware INT=0x70
Servicing hardware INT=0x70
Servicing hardware INT=0x70
Servicing hardware INT=0x70
Servicing hardware INT=0x70
Servicing hardware INT=0x70
Servicing hardware INT=0x70
Servicing hardware INT=0x70
Servicing hardware INT=0x70
Servicing hardware INT=0x70
Servicing hardware INT=0x70
Servicing hardware INT=0x70
Servicing hardware INT=0x70
Servicing hardware INT=0x70
Servicing hardware INT=0x70
Servicing hardware INT=0x70
Servicing hardware INT=0x70
Servicing hardware INT=0x70
Servicing hardware INT=0x70
Servicing hardware INT=0x70
Servicing hardware INT=0x70
Servicing hardware INT=0x70
Servicing hardware INT=0x70
Servicing hardware INT=0x70
Servicing hardware INT=0x70
Servicing hardware INT=0x70
Servicing hardware INT=0x70
Servicing hardware INT=0x70
Servicing hardware INT=0x70
Servicing hardware INT=0x08
Servicing hardware INT=0x70
Servicing hardware INT=0x70
Servicing hardware INT=0x70
Servicing hardware INT=0x70
Servicing hardware INT=0x70
Servicing hardware INT=0x70
Servicing hardware INT=0x70
Servicing hardware INT=0x70
Servicing hardware INT=0x70
Servicing hardware INT=0x70
Servicing hardware INT=0x70
Servicing hardware INT=0x70
Servicing hardware INT=0x70
Servicing hardware INT=0x70
Servicing hardware INT=0x70
Servicing hardware INT=0x70
Servicing hardware INT=0x70
Servicing hardware INT=0x70
Servicing hardware INT=0x70
Servicing hardware INT=0x70
Servicing hardware INT=0x70
Servicing hardware INT=0x70
Servicing hardware INT=0x70
Servicing hardware INT=0x70
Servicing hardware INT=0x70
Servicing hardware INT=0x70
Servicing hardware INT=0x70
Servicing hardware INT=0x70
Servicing hardware INT=0x70
Servicing hardware INT=0x70
Servicing hardware INT=0x70
Servicing hardware INT=0x70
Servicing hardware INT=0x70
Servicing hardware INT=0x70
Servicing hardware INT=0x08
Servicing hardware INT=0x70
Servicing hardware INT=0x08
Servicing hardware INT=0x70
Servicing hardware INT=0x70
Servicing hardware INT=0x70
Servicing hardware INT=0x70
Servicing hardware INT=0x70
Servicing hardware INT=0x70
Servicing hardware INT=0x70
Servicing hardware INT=0x70
Servicing hardware INT=0x70
Servicing hardware INT=0x70
Servicing hardware INT=0x70
Servicing hardware INT=0x70
Servicing hardware INT=0x70
Servicing hardware INT=0x70
Servicing hardware INT=0x70
Servicing hardware INT=0x70
Servicing hardware INT=0x70
Servicing hardware INT=0x70
Servicing hardware INT=0x70
Servicing hardware INT=0x70
Servicing hardware INT=0x70
Servicing hardware INT=0x70
Servicing hardware INT=0x70
Servicing hardware INT=0x70
Servicing hardware INT=0x70
Servicing hardware INT=0x70
Servicing hardware INT=0x70
Servicing hardware INT=0x70
Servicing hardware INT=0x70
Servicing hardware INT=0x70
Servicing hardware INT=0x70
Servicing hardware INT=0x70
Servicing hardware INT=0x70
Servicing hardware INT=0x08
Servicing hardware INT=0x70
Servicing hardware INT=0x70
Servicing hardware INT=0x70
Servicing hardware INT=0x70
Servicing hardware INT=0x70
Servicing hardware INT=0x70
Servicing hardware INT=0x70
Servicing hardware INT=0x70
Servicing hardware INT=0x70
Servicing hardware INT=0x70
Servicing hardware INT=0x70
Servicing hardware INT=0x70
Servicing hardware INT=0x70
Servicing hardware INT=0x70
Servicing hardware INT=0x70
Servicing hardware INT=0x70
Servicing hardware INT=0x70
Servicing hardware INT=0x70
Servicing hardware INT=0x70
Servicing hardware INT=0x70
Servicing hardware INT=0x70
Servicing hardware INT=0x70
Servicing hardware INT=0x70
Servicing hardware INT=0x70
Servicing hardware INT=0x70
Servicing hardware INT=0x70
Servicing hardware INT=0x70
Servicing hardware INT=0x70
Servicing hardware INT=0x70
Servicing hardware INT=0x70
Servicing hardware INT=0x70
Servicing hardware INT=0x70
Servicing hardware INT=0x70
Servicing hardware INT=0x70
Servicing hardware INT=0x70
Servicing hardware INT=0x70
Servicing hardware INT=0x70
Servicing hardware INT=0x70
Servicing hardware INT=0x70
Servicing hardware INT=0x70
Servicing hardware INT=0x70
Servicing hardware INT=0x70
Servicing hardware INT=0x70
Servicing hardware INT=0x70
Servicing hardware INT=0x70
Servicing hardware INT=0x70
Servicing hardware INT=0x70
Servicing hardware INT=0x70
Servicing hardware INT=0x70
Servicing hardware INT=0x70
Servicing hardware INT=0x70
Servicing hardware INT=0x08
Servicing hardware INT=0x70
Servicing hardware INT=0x70
Servicing hardware INT=0x70
Servicing hardware INT=0x70
Servicing hardware INT=0x70
Servicing hardware INT=0x70
Servicing hardware INT=0x70
Servicing hardware INT=0x70
Servicing hardware INT=0x70
Servicing hardware INT=0x70
Servicing hardware INT=0x70
Servicing hardware INT=0x70
Servicing hardware INT=0x70
Servicing hardware INT=0x70
Servicing hardware INT=0x70
Servicing hardware INT=0x70
Servicing hardware INT=0x70
Servicing hardware INT=0x70
Servicing hardware INT=0x70
Servicing hardware INT=0x70
Servicing hardware INT=0x70
Servicing hardware INT=0x70
Servicing hardware INT=0x70
Servicing hardware INT=0x70
Servicing hardware INT=0x70
Servicing hardware INT=0x70
Servicing hardware INT=0x70
Servicing hardware INT=0x70
Servicing hardware INT=0x70
Servicing hardware INT=0x70
Servicing hardware INT=0x70
Servicing hardware INT=0x70
Servicing hardware INT=0x70
Servicing hardware INT=0x70
Servicing hardware INT=0x70
Servicing hardware INT=0x70
Servicing hardware INT=0x70
Servicing hardware INT=0x70
Servicing hardware INT=0x70
Servicing hardware INT=0x70
Servicing hardware INT=0x70
Servicing hardware INT=0x70
Servicing hardware INT=0x70
Servicing hardware INT=0x70
Servicing hardware INT=0x08
     2: v=08 e=0000 i=0 cpl=0 IP=0008:00024d35 pc=07f53d35 SP=0010:000b07a0 env->regs[R_EAX]=0002d0a0
EAX=0002d0a0 EBX=00000c00 ECX=00000020 EDX=00000000
ESI=00000002 EDI=00000c00 EBP=9cbc3030 ESP=000b07a0
EIP=00024d35 EFL=00000206 [-----P-] CPL=0 II=0 A20=1 SMM=0 HLT=0
ES =0010 07f2f000 ffffffff 00cf9300 DPL=0 DS   [-WA]
CS =0008 07f2f000 ffffffff 00cf9f00 DPL=0 CS32 [CRA]
SS =0010 07f2f000 ffffffff 00cf9300 DPL=0 DS   [-WA]
DS =0010 07f2f000 ffffffff 00cf9300 DPL=0 DS   [-WA]
FS =0010 07f2f000 ffffffff 00cf9300 DPL=0 DS   [-WA]
GS =0010 07f2f000 ffffffff 00cf9300 DPL=0 DS   [-WA]
LDT=0000 00000000 0000ffff 00008200 DPL=0 LDT
TR =0000 00000000 0000ffff 00008b00 DPL=0 TSS32-busy
GDT=     0009cc30 00000047
IDT=     07f5c390 000007ff
CR0=00000011 CR2=00000000 CR3=00000000 CR4=00000000
DR0=00000000 DR1=00000000 DR2=00000000 DR3=00000000 
DR6=ffff0ff0 DR7=00000400
CCS=0000000c CCD=0002d0a0 CCO=LOGICL
EFER=0000000000000000
Servicing hardware INT=0x08
     3: v=08 e=0000 i=0 cpl=0 IP=0008:0001911c pc=07f4811c SP=0010:000b07a0 env->regs[R_EAX]=00000000
EAX=00000000 EBX=00000c00 ECX=f816d340 EDX=00020242
ESI=03948740 EDI=00000c00 EBP=9cbc3030 ESP=000b07a0
EIP=0001911c EFL=00000246 [---Z-P-] CPL=0 II=0 A20=1 SMM=0 HLT=0
ES =0010 07f2f000 ffffffff 00cf9300 DPL=0 DS   [-WA]
CS =0008 07f2f000 ffffffff 00cf9f00 DPL=0 CS32 [CRA]
SS =0010 07f2f000 ffffffff 00cf9300 DPL=0 DS   [-WA]
DS =0010 07f2f000 ffffffff 00cf9300 DPL=0 DS   [-WA]
FS =0010 07f2f000 ffffffff 00cf9300 DPL=0 DS   [-WA]
GS =0010 07f2f000 ffffffff 00cf9300 DPL=0 DS   [-WA]
LDT=0000 00000000 0000ffff 00008200 DPL=0 LDT
TR =0000 00000000 0000ffff 00008b00 DPL=0 TSS32-busy
GDT=     0009cc30 00000047
IDT=     07f5c390 000007ff
CR0=00000011 CR2=00000000 CR3=00000000 CR4=00000000
DR0=00000000 DR1=00000000 DR2=00000000 DR3=00000000 
DR6=ffff0ff0 DR7=00000400
CCS=00000044 CCD=00000000 CCO=EFLAGS
EFER=0000000000000000
Servicing hardware INT=0x08
     4: v=08 e=0000 i=0 cpl=0 IP=0008:0001911c pc=07f4811c SP=0010:000b07a0 env->regs[R_EAX]=00000000
EAX=00000000 EBX=00000c00 ECX=f816d340 EDX=00020242
ESI=03948740 EDI=00000c00 EBP=9cbc3030 ESP=000b07a0
EIP=0001911c EFL=00000246 [---Z-P-] CPL=0 II=0 A20=1 SMM=0 HLT=0
ES =0010 07f2f000 ffffffff 00cf9300 DPL=0 DS   [-WA]
CS =0008 07f2f000 ffffffff 00cf9f00 DPL=0 CS32 [CRA]
SS =0010 07f2f000 ffffffff 00cf9300 DPL=0 DS   [-WA]
DS =0010 07f2f000 ffffffff 00cf9300 DPL=0 DS   [-WA]
FS =0010 07f2f000 ffffffff 00cf9300 DPL=0 DS   [-WA]
GS =0010 07f2f000 ffffffff 00cf9300 DPL=0 DS   [-WA]
LDT=0000 00000000 0000ffff 00008200 DPL=0 LDT
TR =0000 00000000 0000ffff 00008b00 DPL=0 TSS32-busy
GDT=     0009cc30 00000047
IDT=     07f5c390 000007ff
CR0=00000011 CR2=00000000 CR3=00000000 CR4=00000000
DR0=00000000 DR1=00000000 DR2=00000000 DR3=00000000 
DR6=ffff0ff0 DR7=00000400
CCS=00000044 CCD=00000000 CCO=EFLAGS
EFER=0000000000000000
Servicing hardware INT=0x08
     5: v=08 e=0000 i=0 cpl=0 IP=0008:0001911c pc=07f4811c SP=0010:000b07a0 env->regs[R_EAX]=00000000
EAX=00000000 EBX=00000c00 ECX=f816d340 EDX=00020242
ESI=03948740 EDI=00000c00 EBP=9cbc3030 ESP=000b07a0
EIP=0001911c EFL=00000246 [---Z-P-] CPL=0 II=0 A20=1 SMM=0 HLT=0
ES =0010 07f2f000 ffffffff 00cf9300 DPL=0 DS   [-WA]
CS =0008 07f2f000 ffffffff 00cf9f00 DPL=0 CS32 [CRA]
SS =0010 07f2f000 ffffffff 00cf9300 DPL=0 DS   [-WA]
DS =0010 07f2f000 ffffffff 00cf9300 DPL=0 DS   [-WA]
FS =0010 07f2f000 ffffffff 00cf9300 DPL=0 DS   [-WA]
GS =0010 07f2f000 ffffffff 00cf9300 DPL=0 DS   [-WA]
LDT=0000 00000000 0000ffff 00008200 DPL=0 LDT
TR =0000 00000000 0000ffff 00008b00 DPL=0 TSS32-busy
GDT=     0009cc30 00000047
IDT=     07f5c390 000007ff
CR0=00000011 CR2=00000000 CR3=00000000 CR4=00000000
DR0=00000000 DR1=00000000 DR2=00000000 DR3=00000000 
DR6=ffff0ff0 DR7=00000400
CCS=00000044 CCD=00000000 CCO=EFLAGS
EFER=0000000000000000
Servicing hardware INT=0x08
     6: v=08 e=0000 i=0 cpl=0 IP=0008:0001911c pc=07f4811c SP=0010:000b07a0 env->regs[R_EAX]=00000000
EAX=00000000 EBX=00000c00 ECX=f816d340 EDX=00020242
ESI=03948740 EDI=00000c00 EBP=9cbc3030 ESP=000b07a0
EIP=0001911c EFL=00000246 [---Z-P-] CPL=0 II=0 A20=1 SMM=0 HLT=0
ES =0010 07f2f000 ffffffff 00cf9300 DPL=0 DS   [-WA]
CS =0008 07f2f000 ffffffff 00cf9f00 DPL=0 CS32 [CRA]
SS =0010 07f2f000 ffffffff 00cf9300 DPL=0 DS   [-WA]
DS =0010 07f2f000 ffffffff 00cf9300 DPL=0 DS   [-WA]
FS =0010 07f2f000 ffffffff 00cf9300 DPL=0 DS   [-WA]
GS =0010 07f2f000 ffffffff 00cf9300 DPL=0 DS   [-WA]
LDT=0000 00000000 0000ffff 00008200 DPL=0 LDT
TR =0000 00000000 0000ffff 00008b00 DPL=0 TSS32-busy
GDT=     0009cc30 00000047
IDT=     07f5c390 000007ff
CR0=00000011 CR2=00000000 CR3=00000000 CR4=00000000
DR0=00000000 DR1=00000000 DR2=00000000 DR3=00000000 
DR6=ffff0ff0 DR7=00000400
CCS=00000044 CCD=00000000 CCO=EFLAGS
EFER=0000000000000000
Servicing hardware INT=0x08
     7: v=08 e=0000 i=0 cpl=0 IP=0008:0001911c pc=07f4811c SP=0010:000b07a0 env->regs[R_EAX]=00000000
EAX=00000000 EBX=00000c00 ECX=f816d340 EDX=00020242
ESI=03948740 EDI=00000c00 EBP=9cbc3030 ESP=000b07a0
EIP=0001911c EFL=00000246 [---Z-P-] CPL=0 II=0 A20=1 SMM=0 HLT=0
ES =0010 07f2f000 ffffffff 00cf9300 DPL=0 DS   [-WA]
CS =0008 07f2f000 ffffffff 00cf9f00 DPL=0 CS32 [CRA]
SS =0010 07f2f000 ffffffff 00cf9300 DPL=0 DS   [-WA]
DS =0010 07f2f000 ffffffff 00cf9300 DPL=0 DS   [-WA]
FS =0010 07f2f000 ffffffff 00cf9300 DPL=0 DS   [-WA]
GS =0010 07f2f000 ffffffff 00cf9300 DPL=0 DS   [-WA]
LDT=0000 00000000 0000ffff 00008200 DPL=0 LDT
TR =0000 00000000 0000ffff 00008b00 DPL=0 TSS32-busy
GDT=     0009cc30 00000047
IDT=     07f5c390 000007ff
CR0=00000011 CR2=00000000 CR3=00000000 CR4=00000000
DR0=00000000 DR1=00000000 DR2=00000000 DR3=00000000 
DR6=ffff0ff0 DR7=00000400
CCS=00000044 CCD=00000000 CCO=EFLAGS
EFER=0000000000000000
Servicing hardware INT=0x08
     8: v=08 e=0000 i=0 cpl=0 IP=0008:0001911c pc=07f4811c SP=0010:000b07a0 env->regs[R_EAX]=00000000
EAX=00000000 EBX=00000c00 ECX=f816d340 EDX=00020242
ESI=03948740 EDI=00000c00 EBP=9cbc3030 ESP=000b07a0
EIP=0001911c EFL=00000246 [---Z-P-] CPL=0 II=0 A20=1 SMM=0 HLT=0
ES =0010 07f2f000 ffffffff 00cf9300 DPL=0 DS   [-WA]
CS =0008 07f2f000 ffffffff 00cf9f00 DPL=0 CS32 [CRA]
SS =0010 07f2f000 ffffffff 00cf9300 DPL=0 DS   [-WA]
DS =0010 07f2f000 ffffffff 00cf9300 DPL=0 DS   [-WA]
FS =0010 07f2f000 ffffffff 00cf9300 DPL=0 DS   [-WA]
GS =0010 07f2f000 ffffffff 00cf9300 DPL=0 DS   [-WA]
LDT=0000 00000000 0000ffff 00008200 DPL=0 LDT
TR =0000 00000000 0000ffff 00008b00 DPL=0 TSS32-busy
GDT=     0009cc30 00000047
IDT=     07f5c390 000007ff
CR0=00000011 CR2=00000000 CR3=00000000 CR4=00000000
DR0=00000000 DR1=00000000 DR2=00000000 DR3=00000000 
DR6=ffff0ff0 DR7=00000400
CCS=00000044 CCD=00000000 CCO=EFLAGS
EFER=0000000000000000
Servicing hardware INT=0x08
     9: v=08 e=0000 i=0 cpl=0 IP=0008:0001911c pc=07f4811c SP=0010:000b07a0 env->regs[R_EAX]=00000000
EAX=00000000 EBX=00000c00 ECX=f816d340 EDX=00020242
ESI=03948740 EDI=00000c00 EBP=9cbc3030 ESP=000b07a0
EIP=0001911c EFL=00000246 [---Z-P-] CPL=0 II=0 A20=1 SMM=0 HLT=0
ES =0010 07f2f000 ffffffff 00cf9300 DPL=0 DS   [-WA]
CS =0008 07f2f000 ffffffff 00cf9f00 DPL=0 CS32 [CRA]
SS =0010 07f2f000 ffffffff 00cf9300 DPL=0 DS   [-WA]
DS =0010 07f2f000 ffffffff 00cf9300 DPL=0 DS   [-WA]
FS =0010 07f2f000 ffffffff 00cf9300 DPL=0 DS   [-WA]
GS =0010 07f2f000 ffffffff 00cf9300 DPL=0 DS   [-WA]
LDT=0000 00000000 0000ffff 00008200 DPL=0 LDT
TR =0000 00000000 0000ffff 00008b00 DPL=0 TSS32-busy
GDT=     0009cc30 00000047
IDT=     07f5c390 000007ff
CR0=00000011 CR2=00000000 CR3=00000000 CR4=00000000
DR0=00000000 DR1=00000000 DR2=00000000 DR3=00000000 
DR6=ffff0ff0 DR7=00000400
CCS=00000044 CCD=00000000 CCO=EFLAGS
EFER=0000000000000000
Servicing hardware INT=0x08
    10: v=08 e=0000 i=0 cpl=0 IP=0008:0001911c pc=07f4811c SP=0010:000b07a0 env->regs[R_EAX]=00000000
EAX=00000000 EBX=00000c00 ECX=f816d340 EDX=00020242
ESI=03948740 EDI=00000c00 EBP=9cbc3030 ESP=000b07a0
EIP=0001911c EFL=00000246 [---Z-P-] CPL=0 II=0 A20=1 SMM=0 HLT=0
ES =0010 07f2f000 ffffffff 00cf9300 DPL=0 DS   [-WA]
CS =0008 07f2f000 ffffffff 00cf9f00 DPL=0 CS32 [CRA]
SS =0010 07f2f000 ffffffff 00cf9300 DPL=0 DS   [-WA]
DS =0010 07f2f000 ffffffff 00cf9300 DPL=0 DS   [-WA]
FS =0010 07f2f000 ffffffff 00cf9300 DPL=0 DS   [-WA]
GS =0010 07f2f000 ffffffff 00cf9300 DPL=0 DS   [-WA]
LDT=0000 00000000 0000ffff 00008200 DPL=0 LDT
TR =0000 00000000 0000ffff 00008b00 DPL=0 TSS32-busy
GDT=     0009cc30 00000047
IDT=     07f5c390 000007ff
CR0=00000011 CR2=00000000 CR3=00000000 CR4=00000000
DR0=00000000 DR1=00000000 DR2=00000000 DR3=00000000 
DR6=ffff0ff0 DR7=00000400
CCS=00000044 CCD=00000000 CCO=EFLAGS
EFER=0000000000000000
Servicing hardware INT=0x08
    11: v=08 e=0000 i=0 cpl=0 IP=0008:0001911c pc=07f4811c SP=0010:000b07a0 env->regs[R_EAX]=00000000
EAX=00000000 EBX=00000c00 ECX=f816d340 EDX=00020242
ESI=03948740 EDI=00000c00 EBP=9cbc3030 ESP=000b07a0
EIP=0001911c EFL=00000246 [---Z-P-] CPL=0 II=0 A20=1 SMM=0 HLT=0
ES =0010 07f2f000 ffffffff 00cf9300 DPL=0 DS   [-WA]
CS =0008 07f2f000 ffffffff 00cf9f00 DPL=0 CS32 [CRA]
SS =0010 07f2f000 ffffffff 00cf9300 DPL=0 DS   [-WA]
DS =0010 07f2f000 ffffffff 00cf9300 DPL=0 DS   [-WA]
FS =0010 07f2f000 ffffffff 00cf9300 DPL=0 DS   [-WA]
GS =0010 07f2f000 ffffffff 00cf9300 DPL=0 DS   [-WA]
LDT=0000 00000000 0000ffff 00008200 DPL=0 LDT
TR =0000 00000000 0000ffff 00008b00 DPL=0 TSS32-busy
GDT=     0009cc30 00000047
IDT=     07f5c390 000007ff
CR0=00000011 CR2=00000000 CR3=00000000 CR4=00000000
DR0=00000000 DR1=00000000 DR2=00000000 DR3=00000000 
DR6=ffff0ff0 DR7=00000400
CCS=00000044 CCD=00000000 CCO=EFLAGS
EFER=0000000000000000
Servicing hardware INT=0x08
    12: v=08 e=0000 i=0 cpl=0 IP=0008:0001911c pc=07f4811c SP=0010:000b07a0 env->regs[R_EAX]=00000000
EAX=00000000 EBX=00000c00 ECX=f816d340 EDX=00020242
ESI=03948740 EDI=00000c00 EBP=9cbc3030 ESP=000b07a0
EIP=0001911c EFL=00000246 [---Z-P-] CPL=0 II=0 A20=1 SMM=0 HLT=0
ES =0010 07f2f000 ffffffff 00cf9300 DPL=0 DS   [-WA]
CS =0008 07f2f000 ffffffff 00cf9f00 DPL=0 CS32 [CRA]
SS =0010 07f2f000 ffffffff 00cf9300 DPL=0 DS   [-WA]
DS =0010 07f2f000 ffffffff 00cf9300 DPL=0 DS   [-WA]
FS =0010 07f2f000 ffffffff 00cf9300 DPL=0 DS   [-WA]
GS =0010 07f2f000 ffffffff 00cf9300 DPL=0 DS   [-WA]
LDT=0000 00000000 0000ffff 00008200 DPL=0 LDT
TR =0000 00000000 0000ffff 00008b00 DPL=0 TSS32-busy
GDT=     0009cc30 00000047
IDT=     07f5c390 000007ff
CR0=00000011 CR2=00000000 CR3=00000000 CR4=00000000
DR0=00000000 DR1=00000000 DR2=00000000 DR3=00000000 
DR6=ffff0ff0 DR7=00000400
CCS=00000044 CCD=00000000 CCO=EFLAGS
EFER=0000000000000000
Servicing hardware INT=0x08
    13: v=08 e=0000 i=0 cpl=0 IP=0008:0001911c pc=07f4811c SP=0010:000b07a0 env->regs[R_EAX]=00000000
EAX=00000000 EBX=00000c00 ECX=f816d340 EDX=00020242
ESI=03948740 EDI=00000c00 EBP=9cbc3030 ESP=000b07a0
EIP=0001911c EFL=00000246 [---Z-P-] CPL=0 II=0 A20=1 SMM=0 HLT=0
ES =0010 07f2f000 ffffffff 00cf9300 DPL=0 DS   [-WA]
CS =0008 07f2f000 ffffffff 00cf9f00 DPL=0 CS32 [CRA]
SS =0010 07f2f000 ffffffff 00cf9300 DPL=0 DS   [-WA]
DS =0010 07f2f000 ffffffff 00cf9300 DPL=0 DS   [-WA]
FS =0010 07f2f000 ffffffff 00cf9300 DPL=0 DS   [-WA]
GS =0010 07f2f000 ffffffff 00cf9300 DPL=0 DS   [-WA]
LDT=0000 00000000 0000ffff 00008200 DPL=0 LDT
TR =0000 00000000 0000ffff 00008b00 DPL=0 TSS32-busy
GDT=     0009cc30 00000047
IDT=     07f5c390 000007ff
CR0=00000011 CR2=00000000 CR3=00000000 CR4=00000000
DR0=00000000 DR1=00000000 DR2=00000000 DR3=00000000 
DR6=ffff0ff0 DR7=00000400
CCS=00000044 CCD=00000000 CCO=EFLAGS
EFER=0000000000000000
Servicing hardware INT=0x08
    14: v=08 e=0000 i=0 cpl=0 IP=0008:0001911c pc=07f4811c SP=0010:000b07a0 env->regs[R_EAX]=00000000
EAX=00000000 EBX=00000c00 ECX=f816d340 EDX=00020242
ESI=03948740 EDI=00000c00 EBP=9cbc3030 ESP=000b07a0
EIP=0001911c EFL=00000246 [---Z-P-] CPL=0 II=0 A20=1 SMM=0 HLT=0
ES =0010 07f2f000 ffffffff 00cf9300 DPL=0 DS   [-WA]
CS =0008 07f2f000 ffffffff 00cf9f00 DPL=0 CS32 [CRA]
SS =0010 07f2f000 ffffffff 00cf9300 DPL=0 DS   [-WA]
DS =0010 07f2f000 ffffffff 00cf9300 DPL=0 DS   [-WA]
FS =0010 07f2f000 ffffffff 00cf9300 DPL=0 DS   [-WA]
GS =0010 07f2f000 ffffffff 00cf9300 DPL=0 DS   [-WA]
LDT=0000 00000000 0000ffff 00008200 DPL=0 LDT
TR =0000 00000000 0000ffff 00008b00 DPL=0 TSS32-busy
GDT=     0009cc30 00000047
IDT=     07f5c390 000007ff
CR0=00000011 CR2=00000000 CR3=00000000 CR4=00000000
DR0=00000000 DR1=00000000 DR2=00000000 DR3=00000000 
DR6=ffff0ff0 DR7=00000400
CCS=00000044 CCD=00000000 CCO=EFLAGS
EFER=0000000000000000
Servicing hardware INT=0x08
    15: v=08 e=0000 i=0 cpl=0 IP=0008:0001911c pc=07f4811c SP=0010:000b07a0 env->regs[R_EAX]=00000000
EAX=00000000 EBX=00000c00 ECX=f816d340 EDX=00020242
ESI=03948740 EDI=00000c00 EBP=9cbc3030 ESP=000b07a0
EIP=0001911c EFL=00000246 [---Z-P-] CPL=0 II=0 A20=1 SMM=0 HLT=0
ES =0010 07f2f000 ffffffff 00cf9300 DPL=0 DS   [-WA]
CS =0008 07f2f000 ffffffff 00cf9f00 DPL=0 CS32 [CRA]
SS =0010 07f2f000 ffffffff 00cf9300 DPL=0 DS   [-WA]
DS =0010 07f2f000 ffffffff 00cf9300 DPL=0 DS   [-WA]
FS =0010 07f2f000 ffffffff 00cf9300 DPL=0 DS   [-WA]
GS =0010 07f2f000 ffffffff 00cf9300 DPL=0 DS   [-WA]
LDT=0000 00000000 0000ffff 00008200 DPL=0 LDT
TR =0000 00000000 0000ffff 00008b00 DPL=0 TSS32-busy
GDT=     0009cc30 00000047
IDT=     07f5c390 000007ff
CR0=00000011 CR2=00000000 CR3=00000000 CR4=00000000
DR0=00000000 DR1=00000000 DR2=00000000 DR3=00000000 
DR6=ffff0ff0 DR7=00000400
CCS=00000044 CCD=00000000 CCO=EFLAGS
EFER=0000000000000000
Servicing hardware INT=0x08
    16: v=08 e=0000 i=0 cpl=0 IP=0008:0001911c pc=07f4811c SP=0010:000b07a0 env->regs[R_EAX]=00000000
EAX=00000000 EBX=00000c00 ECX=f816d340 EDX=00020242
ESI=03948740 EDI=00000c00 EBP=9cbc3030 ESP=000b07a0
EIP=0001911c EFL=00000246 [---Z-P-] CPL=0 II=0 A20=1 SMM=0 HLT=0
ES =0010 07f2f000 ffffffff 00cf9300 DPL=0 DS   [-WA]
CS =0008 07f2f000 ffffffff 00cf9f00 DPL=0 CS32 [CRA]
SS =0010 07f2f000 ffffffff 00cf9300 DPL=0 DS   [-WA]
DS =0010 07f2f000 ffffffff 00cf9300 DPL=0 DS   [-WA]
FS =0010 07f2f000 ffffffff 00cf9300 DPL=0 DS   [-WA]
GS =0010 07f2f000 ffffffff 00cf9300 DPL=0 DS   [-WA]
LDT=0000 00000000 0000ffff 00008200 DPL=0 LDT
TR =0000 00000000 0000ffff 00008b00 DPL=0 TSS32-busy
GDT=     0009cc30 00000047
IDT=     07f5c390 000007ff
CR0=00000011 CR2=00000000 CR3=00000000 CR4=00000000
DR0=00000000 DR1=00000000 DR2=00000000 DR3=00000000 
DR6=ffff0ff0 DR7=00000400
CCS=00000044 CCD=00000000 CCO=EFLAGS
EFER=0000000000000000
Servicing hardware INT=0x08
    17: v=08 e=0000 i=0 cpl=0 IP=0008:0001911c pc=07f4811c SP=0010:000b07a0 env->regs[R_EAX]=00000000
EAX=00000000 EBX=00000c00 ECX=f816d340 EDX=00020242
ESI=03948740 EDI=00000c00 EBP=9cbc3030 ESP=000b07a0
EIP=0001911c EFL=00000246 [---Z-P-] CPL=0 II=0 A20=1 SMM=0 HLT=0
ES =0010 07f2f000 ffffffff 00cf9300 DPL=0 DS   [-WA]
CS =0008 07f2f000 ffffffff 00cf9f00 DPL=0 CS32 [CRA]
SS =0010 07f2f000 ffffffff 00cf9300 DPL=0 DS   [-WA]
DS =0010 07f2f000 ffffffff 00cf9300 DPL=0 DS   [-WA]
FS =0010 07f2f000 ffffffff 00cf9300 DPL=0 DS   [-WA]
GS =0010 07f2f000 ffffffff 00cf9300 DPL=0 DS   [-WA]
LDT=0000 00000000 0000ffff 00008200 DPL=0 LDT
TR =0000 00000000 0000ffff 00008b00 DPL=0 TSS32-busy
GDT=     0009cc30 00000047
IDT=     07f5c390 000007ff
CR0=00000011 CR2=00000000 CR3=00000000 CR4=00000000
DR0=00000000 DR1=00000000 DR2=00000000 DR3=00000000 
DR6=ffff0ff0 DR7=00000400
CCS=00000044 CCD=00000000 CCO=EFLAGS
EFER=0000000000000000
Servicing hardware INT=0x08
    18: v=08 e=0000 i=0 cpl=0 IP=0008:0001911c pc=07f4811c SP=0010:000b07a0 env->regs[R_EAX]=00000000
EAX=00000000 EBX=00000c00 ECX=f816d340 EDX=00020242
ESI=03948740 EDI=00000c00 EBP=9cbc3030 ESP=000b07a0
EIP=0001911c EFL=00000246 [---Z-P-] CPL=0 II=0 A20=1 SMM=0 HLT=0
ES =0010 07f2f000 ffffffff 00cf9300 DPL=0 DS   [-WA]
CS =0008 07f2f000 ffffffff 00cf9f00 DPL=0 CS32 [CRA]
SS =0010 07f2f000 ffffffff 00cf9300 DPL=0 DS   [-WA]
DS =0010 07f2f000 ffffffff 00cf9300 DPL=0 DS   [-WA]
FS =0010 07f2f000 ffffffff 00cf9300 DPL=0 DS   [-WA]
GS =0010 07f2f000 ffffffff 00cf9300 DPL=0 DS   [-WA]
LDT=0000 00000000 0000ffff 00008200 DPL=0 LDT
TR =0000 00000000 0000ffff 00008b00 DPL=0 TSS32-busy
GDT=     0009cc30 00000047
IDT=     07f5c390 000007ff
CR0=00000011 CR2=00000000 CR3=00000000 CR4=00000000
DR0=00000000 DR1=00000000 DR2=00000000 DR3=00000000 
DR6=ffff0ff0 DR7=00000400
CCS=00000044 CCD=00000000 CCO=EFLAGS
EFER=0000000000000000
Servicing hardware INT=0x08
    19: v=08 e=0000 i=0 cpl=0 IP=0008:0001911c pc=07f4811c SP=0010:000b07a0 env->regs[R_EAX]=00000000
EAX=00000000 EBX=00000c00 ECX=f816d340 EDX=00020242
ESI=03948740 EDI=00000c00 EBP=9cbc3030 ESP=000b07a0
EIP=0001911c EFL=00000246 [---Z-P-] CPL=0 II=0 A20=1 SMM=0 HLT=0
ES =0010 07f2f000 ffffffff 00cf9300 DPL=0 DS   [-WA]
CS =0008 07f2f000 ffffffff 00cf9f00 DPL=0 CS32 [CRA]
SS =0010 07f2f000 ffffffff 00cf9300 DPL=0 DS   [-WA]
DS =0010 07f2f000 ffffffff 00cf9300 DPL=0 DS   [-WA]
FS =0010 07f2f000 ffffffff 00cf9300 DPL=0 DS   [-WA]
GS =0010 07f2f000 ffffffff 00cf9300 DPL=0 DS   [-WA]
LDT=0000 00000000 0000ffff 00008200 DPL=0 LDT
TR =0000 00000000 0000ffff 00008b00 DPL=0 TSS32-busy
GDT=     0009cc30 00000047
IDT=     07f5c390 000007ff
CR0=00000011 CR2=00000000 CR3=00000000 CR4=00000000
DR0=00000000 DR1=00000000 DR2=00000000 DR3=00000000 
DR6=ffff0ff0 DR7=00000400
CCS=00000044 CCD=00000000 CCO=EFLAGS
EFER=0000000000000000
Servicing hardware INT=0x08
    20: v=08 e=0000 i=0 cpl=0 IP=0008:0001911c pc=07f4811c SP=0010:000b07a0 env->regs[R_EAX]=00000000
EAX=00000000 EBX=00000c00 ECX=f816d340 EDX=00020242
ESI=03948740 EDI=00000c00 EBP=9cbc3030 ESP=000b07a0
EIP=0001911c EFL=00000246 [---Z-P-] CPL=0 II=0 A20=1 SMM=0 HLT=0
ES =0010 07f2f000 ffffffff 00cf9300 DPL=0 DS   [-WA]
CS =0008 07f2f000 ffffffff 00cf9f00 DPL=0 CS32 [CRA]
SS =0010 07f2f000 ffffffff 00cf9300 DPL=0 DS   [-WA]
DS =0010 07f2f000 ffffffff 00cf9300 DPL=0 DS   [-WA]
FS =0010 07f2f000 ffffffff 00cf9300 DPL=0 DS   [-WA]
GS =0010 07f2f000 ffffffff 00cf9300 DPL=0 DS   [-WA]
LDT=0000 00000000 0000ffff 00008200 DPL=0 LDT
TR =0000 00000000 0000ffff 00008b00 DPL=0 TSS32-busy
GDT=     0009cc30 00000047
IDT=     07f5c390 000007ff
CR0=00000011 CR2=00000000 CR3=00000000 CR4=00000000
DR0=00000000 DR1=00000000 DR2=00000000 DR3=00000000 
DR6=ffff0ff0 DR7=00000400
CCS=00000044 CCD=00000000 CCO=EFLAGS
EFER=0000000000000000
Servicing hardware INT=0x08
    21: v=08 e=0000 i=0 cpl=0 IP=0008:0001911c pc=07f4811c SP=0010:000b07a0 env->regs[R_EAX]=00000000
EAX=00000000 EBX=00000c00 ECX=f816d340 EDX=00020242
ESI=03948740 EDI=00000c00 EBP=9cbc3030 ESP=000b07a0
EIP=0001911c EFL=00000246 [---Z-P-] CPL=0 II=0 A20=1 SMM=0 HLT=0
ES =0010 07f2f000 ffffffff 00cf9300 DPL=0 DS   [-WA]
CS =0008 07f2f000 ffffffff 00cf9f00 DPL=0 CS32 [CRA]
SS =0010 07f2f000 ffffffff 00cf9300 DPL=0 DS   [-WA]
DS =0010 07f2f000 ffffffff 00cf9300 DPL=0 DS   [-WA]
FS =0010 07f2f000 ffffffff 00cf9300 DPL=0 DS   [-WA]
GS =0010 07f2f000 ffffffff 00cf9300 DPL=0 DS   [-WA]
LDT=0000 00000000 0000ffff 00008200 DPL=0 LDT
TR =0000 00000000 0000ffff 00008b00 DPL=0 TSS32-busy
GDT=     0009cc30 00000047
IDT=     07f5c390 000007ff
CR0=00000011 CR2=00000000 CR3=00000000 CR4=00000000
DR0=00000000 DR1=00000000 DR2=00000000 DR3=00000000 
DR6=ffff0ff0 DR7=00000400
CCS=00000044 CCD=00000000 CCO=EFLAGS
EFER=0000000000000000
Servicing hardware INT=0x08
    22: v=08 e=0000 i=0 cpl=0 IP=0008:0001911c pc=07f4811c SP=0010:000b07a0 env->regs[R_EAX]=00000000
EAX=00000000 EBX=00000c00 ECX=f816d340 EDX=00020242
ESI=03948740 EDI=00000c00 EBP=9cbc3030 ESP=000b07a0
EIP=0001911c EFL=00000246 [---Z-P-] CPL=0 II=0 A20=1 SMM=0 HLT=0
ES =0010 07f2f000 ffffffff 00cf9300 DPL=0 DS   [-WA]
CS =0008 07f2f000 ffffffff 00cf9f00 DPL=0 CS32 [CRA]
SS =0010 07f2f000 ffffffff 00cf9300 DPL=0 DS   [-WA]
DS =0010 07f2f000 ffffffff 00cf9300 DPL=0 DS   [-WA]
FS =0010 07f2f000 ffffffff 00cf9300 DPL=0 DS   [-WA]
GS =0010 07f2f000 ffffffff 00cf9300 DPL=0 DS   [-WA]
LDT=0000 00000000 0000ffff 00008200 DPL=0 LDT
TR =0000 00000000 0000ffff 00008b00 DPL=0 TSS32-busy
GDT=     0009cc30 00000047
IDT=     07f5c390 000007ff
CR0=00000011 CR2=00000000 CR3=00000000 CR4=00000000
DR0=00000000 DR1=00000000 DR2=00000000 DR3=00000000 
DR6=ffff0ff0 DR7=00000400
CCS=00000044 CCD=00000000 CCO=EFLAGS
EFER=0000000000000000
Servicing hardware INT=0x08
    23: v=08 e=0000 i=0 cpl=0 IP=0008:0001911c pc=07f4811c SP=0010:000b07a0 env->regs[R_EAX]=00000000
EAX=00000000 EBX=00000c00 ECX=f816d340 EDX=00020242
ESI=03948740 EDI=00000c00 EBP=9cbc3030 ESP=000b07a0
EIP=0001911c EFL=00000246 [---Z-P-] CPL=0 II=0 A20=1 SMM=0 HLT=0
ES =0010 07f2f000 ffffffff 00cf9300 DPL=0 DS   [-WA]
CS =0008 07f2f000 ffffffff 00cf9f00 DPL=0 CS32 [CRA]
SS =0010 07f2f000 ffffffff 00cf9300 DPL=0 DS   [-WA]
DS =0010 07f2f000 ffffffff 00cf9300 DPL=0 DS   [-WA]
FS =0010 07f2f000 ffffffff 00cf9300 DPL=0 DS   [-WA]
GS =0010 07f2f000 ffffffff 00cf9300 DPL=0 DS   [-WA]
LDT=0000 00000000 0000ffff 00008200 DPL=0 LDT
TR =0000 00000000 0000ffff 00008b00 DPL=0 TSS32-busy
GDT=     0009cc30 00000047
IDT=     07f5c390 000007ff
CR0=00000011 CR2=00000000 CR3=00000000 CR4=00000000
DR0=00000000 DR1=00000000 DR2=00000000 DR3=00000000 
DR6=ffff0ff0 DR7=00000400
CCS=00000044 CCD=00000000 CCO=EFLAGS
EFER=0000000000000000
Servicing hardware INT=0x08
    24: v=08 e=0000 i=0 cpl=0 IP=0008:0001911c pc=07f4811c SP=0010:000b07a0 env->regs[R_EAX]=00000000
EAX=00000000 EBX=00000c00 ECX=f816d340 EDX=00020242
ESI=03948740 EDI=00000c00 EBP=9cbc3030 ESP=000b07a0
EIP=0001911c EFL=00000246 [---Z-P-] CPL=0 II=0 A20=1 SMM=0 HLT=0
ES =0010 07f2f000 ffffffff 00cf9300 DPL=0 DS   [-WA]
CS =0008 07f2f000 ffffffff 00cf9f00 DPL=0 CS32 [CRA]
SS =0010 07f2f000 ffffffff 00cf9300 DPL=0 DS   [-WA]
DS =0010 07f2f000 ffffffff 00cf9300 DPL=0 DS   [-WA]
FS =0010 07f2f000 ffffffff 00cf9300 DPL=0 DS   [-WA]
GS =0010 07f2f000 ffffffff 00cf9300 DPL=0 DS   [-WA]
LDT=0000 00000000 0000ffff 00008200 DPL=0 LDT
TR =0000 00000000 0000ffff 00008b00 DPL=0 TSS32-busy
GDT=     0009cc30 00000047
IDT=     07f5c390 000007ff
CR0=00000011 CR2=00000000 CR3=00000000 CR4=00000000
DR0=00000000 DR1=00000000 DR2=00000000 DR3=00000000 
DR6=ffff0ff0 DR7=00000400
CCS=00000044 CCD=00000000 CCO=EFLAGS
EFER=0000000000000000
Servicing hardware INT=0x08
    25: v=08 e=0000 i=0 cpl=0 IP=0008:0001911c pc=07f4811c SP=0010:000b07a0 env->regs[R_EAX]=00000000
EAX=00000000 EBX=00000c00 ECX=f816d340 EDX=00020242
ESI=03948740 EDI=00000c00 EBP=9cbc3030 ESP=000b07a0
EIP=0001911c EFL=00000246 [---Z-P-] CPL=0 II=0 A20=1 SMM=0 HLT=0
ES =0010 07f2f000 ffffffff 00cf9300 DPL=0 DS   [-WA]
CS =0008 07f2f000 ffffffff 00cf9f00 DPL=0 CS32 [CRA]
SS =0010 07f2f000 ffffffff 00cf9300 DPL=0 DS   [-WA]
DS =0010 07f2f000 ffffffff 00cf9300 DPL=0 DS   [-WA]
FS =0010 07f2f000 ffffffff 00cf9300 DPL=0 DS   [-WA]
GS =0010 07f2f000 ffffffff 00cf9300 DPL=0 DS   [-WA]
LDT=0000 00000000 0000ffff 00008200 DPL=0 LDT
TR =0000 00000000 0000ffff 00008b00 DPL=0 TSS32-busy
GDT=     0009cc30 00000047
IDT=     07f5c390 000007ff
CR0=00000011 CR2=00000000 CR3=00000000 CR4=00000000
DR0=00000000 DR1=00000000 DR2=00000000 DR3=00000000 
DR6=ffff0ff0 DR7=00000400
CCS=00000044 CCD=00000000 CCO=EFLAGS
EFER=0000000000000000
Servicing hardware INT=0x08
    26: v=08 e=0000 i=0 cpl=0 IP=0008:0001911c pc=07f4811c SP=0010:000b07a0 env->regs[R_EAX]=00000000
EAX=00000000 EBX=00000c00 ECX=f816d340 EDX=00020242
ESI=03948740 EDI=00000c00 EBP=9cbc3030 ESP=000b07a0
EIP=0001911c EFL=00000246 [---Z-P-] CPL=0 II=0 A20=1 SMM=0 HLT=0
ES =0010 07f2f000 ffffffff 00cf9300 DPL=0 DS   [-WA]
CS =0008 07f2f000 ffffffff 00cf9f00 DPL=0 CS32 [CRA]
SS =0010 07f2f000 ffffffff 00cf9300 DPL=0 DS   [-WA]
DS =0010 07f2f000 ffffffff 00cf9300 DPL=0 DS   [-WA]
FS =0010 07f2f000 ffffffff 00cf9300 DPL=0 DS   [-WA]
GS =0010 07f2f000 ffffffff 00cf9300 DPL=0 DS   [-WA]
LDT=0000 00000000 0000ffff 00008200 DPL=0 LDT
TR =0000 00000000 0000ffff 00008b00 DPL=0 TSS32-busy
GDT=     0009cc30 00000047
IDT=     07f5c390 000007ff
CR0=00000011 CR2=00000000 CR3=00000000 CR4=00000000
DR0=00000000 DR1=00000000 DR2=00000000 DR3=00000000 
DR6=ffff0ff0 DR7=00000400
CCS=00000044 CCD=00000000 CCO=EFLAGS
EFER=0000000000000000
Servicing hardware INT=0x08
    27: v=08 e=0000 i=0 cpl=0 IP=0008:0001911c pc=07f4811c SP=0010:000b07a0 env->regs[R_EAX]=00000000
EAX=00000000 EBX=00000c00 ECX=f816d340 EDX=00020242
ESI=03948740 EDI=00000c00 EBP=9cbc3030 ESP=000b07a0
EIP=0001911c EFL=00000246 [---Z-P-] CPL=0 II=0 A20=1 SMM=0 HLT=0
ES =0010 07f2f000 ffffffff 00cf9300 DPL=0 DS   [-WA]
CS =0008 07f2f000 ffffffff 00cf9f00 DPL=0 CS32 [CRA]
SS =0010 07f2f000 ffffffff 00cf9300 DPL=0 DS   [-WA]
DS =0010 07f2f000 ffffffff 00cf9300 DPL=0 DS   [-WA]
FS =0010 07f2f000 ffffffff 00cf9300 DPL=0 DS   [-WA]
GS =0010 07f2f000 ffffffff 00cf9300 DPL=0 DS   [-WA]
LDT=0000 00000000 0000ffff 00008200 DPL=0 LDT
TR =0000 00000000 0000ffff 00008b00 DPL=0 TSS32-busy
GDT=     0009cc30 00000047
IDT=     07f5c390 000007ff
CR0=00000011 CR2=00000000 CR3=00000000 CR4=00000000
DR0=00000000 DR1=00000000 DR2=00000000 DR3=00000000 
DR6=ffff0ff0 DR7=00000400
CCS=00000044 CCD=00000000 CCO=EFLAGS
EFER=0000000000000000
Servicing hardware INT=0x08
    28: v=08 e=0000 i=0 cpl=0 IP=0008:0001911c pc=07f4811c SP=0010:000b07a0 env->regs[R_EAX]=00000000
EAX=00000000 EBX=00000c00 ECX=f816d340 EDX=00020242
ESI=03948740 EDI=00000c00 EBP=9cbc3030 ESP=000b07a0
EIP=0001911c EFL=00000246 [---Z-P-] CPL=0 II=0 A20=1 SMM=0 HLT=0
ES =0010 07f2f000 ffffffff 00cf9300 DPL=0 DS   [-WA]
CS =0008 07f2f000 ffffffff 00cf9f00 DPL=0 CS32 [CRA]
SS =0010 07f2f000 ffffffff 00cf9300 DPL=0 DS   [-WA]
DS =0010 07f2f000 ffffffff 00cf9300 DPL=0 DS   [-WA]
FS =0010 07f2f000 ffffffff 00cf9300 DPL=0 DS   [-WA]
GS =0010 07f2f000 ffffffff 00cf9300 DPL=0 DS   [-WA]
LDT=0000 00000000 0000ffff 00008200 DPL=0 LDT
TR =0000 00000000 0000ffff 00008b00 DPL=0 TSS32-busy
GDT=     0009cc30 00000047
IDT=     07f5c390 000007ff
CR0=00000011 CR2=00000000 CR3=00000000 CR4=00000000
DR0=00000000 DR1=00000000 DR2=00000000 DR3=00000000 
DR6=ffff0ff0 DR7=00000400
CCS=00000044 CCD=00000000 CCO=EFLAGS
EFER=0000000000000000
Servicing hardware INT=0x08
    29: v=08 e=0000 i=0 cpl=0 IP=0008:0001911c pc=07f4811c SP=0010:000b07a0 env->regs[R_EAX]=00000000
EAX=00000000 EBX=00000c00 ECX=f816d340 EDX=00020242
ESI=03948740 EDI=00000c00 EBP=9cbc3030 ESP=000b07a0
EIP=0001911c EFL=00000246 [---Z-P-] CPL=0 II=0 A20=1 SMM=0 HLT=0
ES =0010 07f2f000 ffffffff 00cf9300 DPL=0 DS   [-WA]
CS =0008 07f2f000 ffffffff 00cf9f00 DPL=0 CS32 [CRA]
SS =0010 07f2f000 ffffffff 00cf9300 DPL=0 DS   [-WA]
DS =0010 07f2f000 ffffffff 00cf9300 DPL=0 DS   [-WA]
FS =0010 07f2f000 ffffffff 00cf9300 DPL=0 DS   [-WA]
GS =0010 07f2f000 ffffffff 00cf9300 DPL=0 DS   [-WA]
LDT=0000 00000000 0000ffff 00008200 DPL=0 LDT
TR =0000 00000000 0000ffff 00008b00 DPL=0 TSS32-busy
GDT=     0009cc30 00000047
IDT=     07f5c390 000007ff
CR0=00000011 CR2=00000000 CR3=00000000 CR4=00000000
DR0=00000000 DR1=00000000 DR2=00000000 DR3=00000000 
DR6=ffff0ff0 DR7=00000400
CCS=00000044 CCD=00000000 CCO=EFLAGS
EFER=0000000000000000
Servicing hardware INT=0x08
    30: v=08 e=0000 i=0 cpl=0 IP=0008:0001911c pc=07f4811c SP=0010:000b07a0 env->regs[R_EAX]=00000000
EAX=00000000 EBX=00000c00 ECX=f816d340 EDX=00020242
ESI=03948740 EDI=00000c00 EBP=9cbc3030 ESP=000b07a0
EIP=0001911c EFL=00000246 [---Z-P-] CPL=0 II=0 A20=1 SMM=0 HLT=0
ES =0010 07f2f000 ffffffff 00cf9300 DPL=0 DS   [-WA]
CS =0008 07f2f000 ffffffff 00cf9f00 DPL=0 CS32 [CRA]
SS =0010 07f2f000 ffffffff 00cf9300 DPL=0 DS   [-WA]
DS =0010 07f2f000 ffffffff 00cf9300 DPL=0 DS   [-WA]
FS =0010 07f2f000 ffffffff 00cf9300 DPL=0 DS   [-WA]
GS =0010 07f2f000 ffffffff 00cf9300 DPL=0 DS   [-WA]
LDT=0000 00000000 0000ffff 00008200 DPL=0 LDT
TR =0000 00000000 0000ffff 00008b00 DPL=0 TSS32-busy
GDT=     0009cc30 00000047
IDT=     07f5c390 000007ff
CR0=00000011 CR2=00000000 CR3=00000000 CR4=00000000
DR0=00000000 DR1=00000000 DR2=00000000 DR3=00000000 
DR6=ffff0ff0 DR7=00000400
CCS=00000044 CCD=00000000 CCO=EFLAGS
EFER=0000000000000000
Servicing hardware INT=0x08
    31: v=08 e=0000 i=0 cpl=0 IP=0008:0001911c pc=07f4811c SP=0010:000b07a0 env->regs[R_EAX]=00000000
EAX=00000000 EBX=00000c00 ECX=f816d340 EDX=00020242
ESI=03948740 EDI=00000c00 EBP=9cbc3030 ESP=000b07a0
EIP=0001911c EFL=00000246 [---Z-P-] CPL=0 II=0 A20=1 SMM=0 HLT=0
ES =0010 07f2f000 ffffffff 00cf9300 DPL=0 DS   [-WA]
CS =0008 07f2f000 ffffffff 00cf9f00 DPL=0 CS32 [CRA]
SS =0010 07f2f000 ffffffff 00cf9300 DPL=0 DS   [-WA]
DS =0010 07f2f000 ffffffff 00cf9300 DPL=0 DS   [-WA]
FS =0010 07f2f000 ffffffff 00cf9300 DPL=0 DS   [-WA]
GS =0010 07f2f000 ffffffff 00cf9300 DPL=0 DS   [-WA]
LDT=0000 00000000 0000ffff 00008200 DPL=0 LDT
TR =0000 00000000 0000ffff 00008b00 DPL=0 TSS32-busy
GDT=     0009cc30 00000047
IDT=     07f5c390 000007ff
CR0=00000011 CR2=00000000 CR3=00000000 CR4=00000000
DR0=00000000 DR1=00000000 DR2=00000000 DR3=00000000 
DR6=ffff0ff0 DR7=00000400
CCS=00000044 CCD=00000000 CCO=EFLAGS
EFER=0000000000000000
Servicing hardware INT=0x08
    32: v=08 e=0000 i=0 cpl=0 IP=0008:0001911c pc=07f4811c SP=0010:000b07a0 env->regs[R_EAX]=00000000
EAX=00000000 EBX=00000c00 ECX=f816d340 EDX=00020242
ESI=03948740 EDI=00000c00 EBP=9cbc3030 ESP=000b07a0
EIP=0001911c EFL=00000246 [---Z-P-] CPL=0 II=0 A20=1 SMM=0 HLT=0
ES =0010 07f2f000 ffffffff 00cf9300 DPL=0 DS   [-WA]
CS =0008 07f2f000 ffffffff 00cf9f00 DPL=0 CS32 [CRA]
SS =0010 07f2f000 ffffffff 00cf9300 DPL=0 DS   [-WA]
DS =0010 07f2f000 ffffffff 00cf9300 DPL=0 DS   [-WA]
FS =0010 07f2f000 ffffffff 00cf9300 DPL=0 DS   [-WA]
GS =0010 07f2f000 ffffffff 00cf9300 DPL=0 DS   [-WA]
LDT=0000 00000000 0000ffff 00008200 DPL=0 LDT
TR =0000 00000000 0000ffff 00008b00 DPL=0 TSS32-busy
GDT=     0009cc30 00000047
IDT=     07f5c390 000007ff
CR0=00000011 CR2=00000000 CR3=00000000 CR4=00000000
DR0=00000000 DR1=00000000 DR2=00000000 DR3=00000000 
DR6=ffff0ff0 DR7=00000400
CCS=00000044 CCD=00000000 CCO=EFLAGS
EFER=0000000000000000
Servicing hardware INT=0x08
    33: v=08 e=0000 i=0 cpl=0 IP=0008:0001911c pc=07f4811c SP=0010:000b07a0 env->regs[R_EAX]=00000000
EAX=00000000 EBX=00000c00 ECX=f816d340 EDX=00020242
ESI=03948740 EDI=00000c00 EBP=9cbc3030 ESP=000b07a0
EIP=0001911c EFL=00000246 [---Z-P-] CPL=0 II=0 A20=1 SMM=0 HLT=0
ES =0010 07f2f000 ffffffff 00cf9300 DPL=0 DS   [-WA]
CS =0008 07f2f000 ffffffff 00cf9f00 DPL=0 CS32 [CRA]
SS =0010 07f2f000 ffffffff 00cf9300 DPL=0 DS   [-WA]
DS =0010 07f2f000 ffffffff 00cf9300 DPL=0 DS   [-WA]
FS =0010 07f2f000 ffffffff 00cf9300 DPL=0 DS   [-WA]
GS =0010 07f2f000 ffffffff 00cf9300 DPL=0 DS   [-WA]
LDT=0000 00000000 0000ffff 00008200 DPL=0 LDT
TR =0000 00000000 0000ffff 00008b00 DPL=0 TSS32-busy
GDT=     0009cc30 00000047
IDT=     07f5c390 000007ff
CR0=00000011 CR2=00000000 CR3=00000000 CR4=00000000
DR0=00000000 DR1=00000000 DR2=00000000 DR3=00000000 
DR6=ffff0ff0 DR7=00000400
CCS=00000044 CCD=00000000 CCO=EFLAGS
EFER=0000000000000000
Servicing hardware INT=0x08
    34: v=08 e=0000 i=0 cpl=0 IP=0008:0001911c pc=07f4811c SP=0010:000b07a0 env->regs[R_EAX]=00000000
EAX=00000000 EBX=00000c00 ECX=f816d340 EDX=00020242
ESI=03948740 EDI=00000c00 EBP=9cbc3030 ESP=000b07a0
EIP=0001911c EFL=00000246 [---Z-P-] CPL=0 II=0 A20=1 SMM=0 HLT=0
ES =0010 07f2f000 ffffffff 00cf9300 DPL=0 DS   [-WA]
CS =0008 07f2f000 ffffffff 00cf9f00 DPL=0 CS32 [CRA]
SS =0010 07f2f000 ffffffff 00cf9300 DPL=0 DS   [-WA]
DS =0010 07f2f000 ffffffff 00cf9300 DPL=0 DS   [-WA]
FS =0010 07f2f000 ffffffff 00cf9300 DPL=0 DS   [-WA]
GS =0010 07f2f000 ffffffff 00cf9300 DPL=0 DS   [-WA]
LDT=0000 00000000 0000ffff 00008200 DPL=0 LDT
TR =0000 00000000 0000ffff 00008b00 DPL=0 TSS32-busy
GDT=     0009cc30 00000047
IDT=     07f5c390 000007ff
CR0=00000011 CR2=00000000 CR3=00000000 CR4=00000000
DR0=00000000 DR1=00000000 DR2=00000000 DR3=00000000 
DR6=ffff0ff0 DR7=00000400
CCS=00000044 CCD=00000000 CCO=EFLAGS
EFER=0000000000000000
Servicing hardware INT=0x08
    35: v=08 e=0000 i=0 cpl=0 IP=0008:0001911c pc=07f4811c SP=0010:000b07a0 env->regs[R_EAX]=00000000
EAX=00000000 EBX=00000c00 ECX=f816d340 EDX=00020242
ESI=03948740 EDI=00000c00 EBP=9cbc3030 ESP=000b07a0
EIP=0001911c EFL=00000246 [---Z-P-] CPL=0 II=0 A20=1 SMM=0 HLT=0
ES =0010 07f2f000 ffffffff 00cf9300 DPL=0 DS   [-WA]
CS =0008 07f2f000 ffffffff 00cf9f00 DPL=0 CS32 [CRA]
SS =0010 07f2f000 ffffffff 00cf9300 DPL=0 DS   [-WA]
DS =0010 07f2f000 ffffffff 00cf9300 DPL=0 DS   [-WA]
FS =0010 07f2f000 ffffffff 00cf9300 DPL=0 DS   [-WA]
GS =0010 07f2f000 ffffffff 00cf9300 DPL=0 DS   [-WA]
LDT=0000 00000000 0000ffff 00008200 DPL=0 LDT
TR =0000 00000000 0000ffff 00008b00 DPL=0 TSS32-busy
GDT=     0009cc30 00000047
IDT=     07f5c390 000007ff
CR0=00000011 CR2=00000000 CR3=00000000 CR4=00000000
DR0=00000000 DR1=00000000 DR2=00000000 DR3=00000000 
DR6=ffff0ff0 DR7=00000400
CCS=00000044 CCD=00000000 CCO=EFLAGS
EFER=0000000000000000
Servicing hardware INT=0x08
    36: v=08 e=0000 i=0 cpl=0 IP=0008:0001911c pc=07f4811c SP=0010:000b07a0 env->regs[R_EAX]=00000000
EAX=00000000 EBX=00000c00 ECX=f816d340 EDX=00020242
ESI=03948740 EDI=00000c00 EBP=9cbc3030 ESP=000b07a0
EIP=0001911c EFL=00000246 [---Z-P-] CPL=0 II=0 A20=1 SMM=0 HLT=0
ES =0010 07f2f000 ffffffff 00cf9300 DPL=0 DS   [-WA]
CS =0008 07f2f000 ffffffff 00cf9f00 DPL=0 CS32 [CRA]
SS =0010 07f2f000 ffffffff 00cf9300 DPL=0 DS   [-WA]
DS =0010 07f2f000 ffffffff 00cf9300 DPL=0 DS   [-WA]
FS =0010 07f2f000 ffffffff 00cf9300 DPL=0 DS   [-WA]
GS =0010 07f2f000 ffffffff 00cf9300 DPL=0 DS   [-WA]
LDT=0000 00000000 0000ffff 00008200 DPL=0 LDT
TR =0000 00000000 0000ffff 00008b00 DPL=0 TSS32-busy
GDT=     0009cc30 00000047
IDT=     07f5c390 000007ff
CR0=00000011 CR2=00000000 CR3=00000000 CR4=00000000
DR0=00000000 DR1=00000000 DR2=00000000 DR3=00000000 
DR6=ffff0ff0 DR7=00000400
CCS=00000044 CCD=00000000 CCO=EFLAGS
EFER=0000000000000000
Servicing hardware INT=0x08
    37: v=08 e=0000 i=0 cpl=0 IP=0008:0001911c pc=07f4811c SP=0010:000b07a0 env->regs[R_EAX]=00000000
EAX=00000000 EBX=00000c00 ECX=f816d340 EDX=00020242
ESI=03948740 EDI=00000c00 EBP=9cbc3030 ESP=000b07a0
EIP=0001911c EFL=00000246 [---Z-P-] CPL=0 II=0 A20=1 SMM=0 HLT=0
ES =0010 07f2f000 ffffffff 00cf9300 DPL=0 DS   [-WA]
CS =0008 07f2f000 ffffffff 00cf9f00 DPL=0 CS32 [CRA]
SS =0010 07f2f000 ffffffff 00cf9300 DPL=0 DS   [-WA]
DS =0010 07f2f000 ffffffff 00cf9300 DPL=0 DS   [-WA]
FS =0010 07f2f000 ffffffff 00cf9300 DPL=0 DS   [-WA]
GS =0010 07f2f000 ffffffff 00cf9300 DPL=0 DS   [-WA]
LDT=0000 00000000 0000ffff 00008200 DPL=0 LDT
TR =0000 00000000 0000ffff 00008b00 DPL=0 TSS32-busy
GDT=     0009cc30 00000047
IDT=     07f5c390 000007ff
CR0=00000011 CR2=00000000 CR3=00000000 CR4=00000000
DR0=00000000 DR1=00000000 DR2=00000000 DR3=00000000 
DR6=ffff0ff0 DR7=00000400
CCS=00000044 CCD=00000000 CCO=EFLAGS
EFER=0000000000000000
Servicing hardware INT=0x08
    38: v=08 e=0000 i=0 cpl=0 IP=0008:0001911c pc=07f4811c SP=0010:000b07a0 env->regs[R_EAX]=00000000
EAX=00000000 EBX=00000c00 ECX=f816d340 EDX=00020242
ESI=03948740 EDI=00000c00 EBP=9cbc3030 ESP=000b07a0
EIP=0001911c EFL=00000246 [---Z-P-] CPL=0 II=0 A20=1 SMM=0 HLT=0
ES =0010 07f2f000 ffffffff 00cf9300 DPL=0 DS   [-WA]
CS =0008 07f2f000 ffffffff 00cf9f00 DPL=0 CS32 [CRA]
SS =0010 07f2f000 ffffffff 00cf9300 DPL=0 DS   [-WA]
DS =0010 07f2f000 ffffffff 00cf9300 DPL=0 DS   [-WA]
FS =0010 07f2f000 ffffffff 00cf9300 DPL=0 DS   [-WA]
GS =0010 07f2f000 ffffffff 00cf9300 DPL=0 DS   [-WA]
LDT=0000 00000000 0000ffff 00008200 DPL=0 LDT
TR =0000 00000000 0000ffff 00008b00 DPL=0 TSS32-busy
GDT=     0009cc30 00000047
IDT=     07f5c390 000007ff
CR0=00000011 CR2=00000000 CR3=00000000 CR4=00000000
DR0=00000000 DR1=00000000 DR2=00000000 DR3=00000000 
DR6=ffff0ff0 DR7=00000400
CCS=00000044 CCD=00000000 CCO=EFLAGS
EFER=0000000000000000
